Change Value of Parameter Manufacturer in Part C1 Old= New=Yageo
Change Value of Parameter PartNumber in Part C1 Old= New=CC0402ZRY5V7BB104
Change Value of Parameter Supplier in Part C1 Old= New=Terraelectronica
Change Value of Parameter Unit Price in Part C1 Old= New=0.22
Change Value of Parameter WebLink in Part C1 Old= New=https://www.terraelectronica.ru/product/543093
Change Value of Parameter Manufacturer in Part C2 Old= New=Yageo
Change Value of Parameter PartNumber in Part C2 Old= New=CC0402ZRY5V7BB104
Change Value of Parameter Supplier in Part C2 Old= New=Terraelectronica
Change Value of Parameter Unit Price in Part C2 Old= New=0.22
Change Value of Parameter WebLink in Part C2 Old= New=https://www.terraelectronica.ru/product/543093
Change Value of Parameter Manufacturer in Part C3 Old= New=Yageo
Change Value of Parameter PartNumber in Part C3 Old= New=CC0402ZRY5V7BB104
Change Value of Parameter Supplier in Part C3 Old= New=Terraelectronica
Change Value of Parameter Unit Price in Part C3 Old= New=0.22
Change Value of Parameter WebLink in Part C3 Old= New=https://www.terraelectronica.ru/product/543093
Change Value of Parameter Manufacturer in Part C4 Old= New=Yageo
Change Value of Parameter PartNumber in Part C4 Old= New=CC0402ZRY5V7BB104
Change Value of Parameter Supplier in Part C4 Old= New=Terraelectronica
Change Value of Parameter Unit Price in Part C4 Old= New=0.22
Change Value of Parameter WebLink in Part C4 Old= New=https://www.terraelectronica.ru/product/543093
Change Value of Parameter Manufacturer in Part DA1 Old= New=Texas Instruments
Change Value of Parameter PartNumber in Part DA1 Old= New=OPA4376AIPW
Change Value of Parameter WebLink in Part DA1 Old= New=https://www.terraelectronica.ru/product/349931
Change Value of Parameter Manufacturer in Part DA2 Old= New=Texas Instruments
Change Value of Parameter PartNumber in Part DA2 Old= New=OPA4376AIPW
Change Value of Parameter WebLink in Part DA2 Old= New=https://www.terraelectronica.ru/product/349931
