Replace Part C1 100n SMD 0402 in W:\Projects\Senocore\NTC connector.SchDoc with 100n SMD 0402 from capasitors.SchLib
Replace Part C2 100n SMD 0402 in W:\Projects\Senocore\NTC connector.SchDoc with 100n SMD 0402 from capasitors.SchLib
Replace Part C3 100n SMD 0402 in W:\Projects\Senocore\NTC connector.SchDoc with 100n SMD 0402 from capasitors.SchLib
Replace Part C4 100n SMD 0402 in W:\Projects\Senocore\NTC connector.SchDoc with 100n SMD 0402 from capasitors.SchLib
Replace Part C5 10n SMD 0402 in W:\Projects\Senocore\NTC connector.SchDoc with 10n SMD 0402 from capasitors.SchLib
Replace Part C6 10n SMD 0402 in W:\Projects\Senocore\NTC connector.SchDoc with 10n SMD 0402 from capasitors.SchLib
Replace Part C7 10n SMD 0402 in W:\Projects\Senocore\NTC connector.SchDoc with 10n SMD 0402 from capasitors.SchLib
Replace Part C8 10n SMD 0402 in W:\Projects\Senocore\NTC connector.SchDoc with 10n SMD 0402 from capasitors.SchLib
Replace Part C9 10n SMD 0402 in W:\Projects\Senocore\NTC connector.SchDoc with 10n SMD 0402 from capasitors.SchLib
Replace Part C10 10n SMD 0402 in W:\Projects\Senocore\NTC connector.SchDoc with 10n SMD 0402 from capasitors.SchLib
Replace Part C11 10n SMD 0402 in W:\Projects\Senocore\NTC connector.SchDoc with 10n SMD 0402 from capasitors.SchLib
Replace Part DA1 OPA4376 in W:\Projects\Senocore\NTC connector.SchDoc with OPA4376 from opamp.SchLib
Replace Part DA2 OPA4376 in W:\Projects\Senocore\NTC connector.SchDoc with OPA4376 from opamp.SchLib
Replace Part L1 IND 10uH SMD 0805 in W:\Projects\Senocore\NTC connector.SchDoc with IND 10uH SMD 0805 from inductors.SchLib
Replace Part R1 20K 1% SMD 0402 in W:\Projects\Senocore\NTC connector.SchDoc with 20K 1% SMD 0402 from resistors.SchLib
Replace Part R2 10K 1% SMD 0402 in W:\Projects\Senocore\NTC connector.SchDoc with 10K 1% SMD 0402 from resistors.SchLib
Replace Part R3 10K 1% SMD 0402 in W:\Projects\Senocore\NTC connector.SchDoc with 10K 1% SMD 0402 from resistors.SchLib
Replace Part R4 20K 1% SMD 0402 in W:\Projects\Senocore\NTC connector.SchDoc with 20K 1% SMD 0402 from resistors.SchLib
Replace Part R5 20K 1% SMD 0402 in W:\Projects\Senocore\NTC connector.SchDoc with 20K 1% SMD 0402 from resistors.SchLib
Replace Part R6 10K 1% SMD 0402 in W:\Projects\Senocore\NTC connector.SchDoc with 10K 1% SMD 0402 from resistors.SchLib
Replace Part R7 10K 1% SMD 0402 in W:\Projects\Senocore\NTC connector.SchDoc with 10K 1% SMD 0402 from resistors.SchLib
Replace Part R8 20K 1% SMD 0402 in W:\Projects\Senocore\NTC connector.SchDoc with 20K 1% SMD 0402 from resistors.SchLib
Replace Part R9 20K 1% SMD 0402 in W:\Projects\Senocore\NTC connector.SchDoc with 20K 1% SMD 0402 from resistors.SchLib
Replace Part R10 10K 1% SMD 0402 in W:\Projects\Senocore\NTC connector.SchDoc with 10K 1% SMD 0402 from resistors.SchLib
Replace Part R11 20K 1% SMD 0402 in W:\Projects\Senocore\NTC connector.SchDoc with 20K 1% SMD 0402 from resistors.SchLib
Replace Part R12 20K 1% SMD 0402 in W:\Projects\Senocore\NTC connector.SchDoc with 20K 1% SMD 0402 from resistors.SchLib
Replace Part R13 10K 1% SMD 0402 in W:\Projects\Senocore\NTC connector.SchDoc with 10K 1% SMD 0402 from resistors.SchLib
Replace Part R14 10K 1% SMD 0402 in W:\Projects\Senocore\NTC connector.SchDoc with 10K 1% SMD 0402 from resistors.SchLib
Replace Part R15 20K 1% SMD 0402 in W:\Projects\Senocore\NTC connector.SchDoc with 20K 1% SMD 0402 from resistors.SchLib
Replace Part R16 10K 1% SMD 0402 in W:\Projects\Senocore\NTC connector.SchDoc with 10K 1% SMD 0402 from resistors.SchLib
Replace Part R17 10K 1% SMD 0402 in W:\Projects\Senocore\NTC connector.SchDoc with 10K 1% SMD 0402 from resistors.SchLib
Replace Part R18 10K 1% SMD 0402 in W:\Projects\Senocore\NTC connector.SchDoc with 10K 1% SMD 0402 from resistors.SchLib
Replace Part R19 10K 1% SMD 0402 in W:\Projects\Senocore\NTC connector.SchDoc with 10K 1% SMD 0402 from resistors.SchLib
Replace Part R20 10K 1% SMD 0402 in W:\Projects\Senocore\NTC connector.SchDoc with 10K 1% SMD 0402 from resistors.SchLib
Replace Part R21 10K 1% SMD 0402 in W:\Projects\Senocore\NTC connector.SchDoc with 10K 1% SMD 0402 from resistors.SchLib
Replace Part R22 10K 1% SMD 0402 in W:\Projects\Senocore\NTC connector.SchDoc with 10K 1% SMD 0402 from resistors.SchLib
Replace Part UGO*1 port-arrow in W:\Projects\Senocore\NTC connector.SchDoc with port-arrow from misc.SchLib
Replace Part UGO*2 port-arrow in W:\Projects\Senocore\NTC connector.SchDoc with port-arrow from misc.SchLib
Replace Part UGO*3 port-arrow in W:\Projects\Senocore\NTC connector.SchDoc with port-arrow from misc.SchLib
Replace Part UGO*4 port-arrow in W:\Projects\Senocore\NTC connector.SchDoc with port-arrow from misc.SchLib
Replace Part X1 Microfit3.0 16 pins R thru hole in W:\Projects\Senocore\NTC connector.SchDoc with Microfit3.0 16 pins R thru hole from connectors.SchLib
