Added Parameter Manufacturer=Molex to Part X1
Added Parameter Manufacturer=Murata to Part L1
Added Parameter Manufacturer= to Part C1
Added Parameter Manufacturer= to Part C2
Added Parameter Manufacturer= to Part C3
Added Parameter Manufacturer= to Part C4
Added Parameter Manufacturer= to Part DA1
Added Parameter Manufacturer= to Part DA2
Added Parameter Manufacturer=Yageo to Part R1
Added Parameter Manufacturer=Yageo to Part R2
Added Parameter Manufacturer=Yageo to Part R3
Added Parameter Manufacturer=Yageo to Part R4
Added Parameter Manufacturer=Yageo to Part R5
Added Parameter Manufacturer=Yageo to Part R6
Added Parameter Manufacturer=Yageo to Part R7
Added Parameter Manufacturer=Yageo to Part R8
Added Parameter Manufacturer=Yageo to Part R9
Added Parameter Manufacturer=Yageo to Part R10
Added Parameter Manufacturer=Yageo to Part R11
Added Parameter Manufacturer=Yageo to Part R12
Added Parameter Manufacturer=Yageo to Part R13
Added Parameter Manufacturer=Yageo to Part R14
Added Parameter Manufacturer=Yageo to Part R15
Added Parameter Manufacturer=Yageo to Part R16
Added Parameter Manufacturer=Yageo to Part R17
Added Parameter Manufacturer=Yageo to Part R18
Added Parameter Manufacturer=Yageo to Part R19
Added Parameter Manufacturer=Yageo to Part R20
Added Parameter Manufacturer=Yageo to Part R21
Added Parameter Manufacturer=Yageo to Part R22
Added Parameter Manufacturer=Yageo to Part R23
