Added Parameter Manufacturer=China to Part ZQ1
Added Parameter Manufacturer=Murata to Part C7
Added Parameter Manufacturer=Murata to Part C9
Added Parameter Manufacturer=Murata to Part L2
Added Parameter Manufacturer=Murata to Part L3
Added Parameter Manufacturer=Murata to Part L4
Added Parameter Manufacturer=Murata to Part L5
Added Parameter Manufacturer=Samsung to Part C19
Added Parameter Manufacturer=Samsung to Part C20
Added Parameter Manufacturer=Texas Instruments to Part DA3
Added Parameter Manufacturer=Texas Instruments to Part DA3
Added Parameter Manufacturer=Texas Instruments to Part DA3
Added Parameter Manufacturer=Texas Instruments to Part DA3
Added Parameter Manufacturer=Texas Instruments to Part DA3
Added Parameter Manufacturer= to Part ANT1
Added Parameter Manufacturer= to Part C6
Added Parameter Manufacturer= to Part C8
Added Parameter Manufacturer= to Part C10
Added Parameter Manufacturer= to Part C12
Added Parameter Manufacturer= to Part C14
Added Parameter Manufacturer= to Part C17
Added Parameter Manufacturer= to Part C18
Added Parameter Manufacturer= to Part R26
Added Parameter Manufacturer= to Part R27
Added Parameter Manufacturer=Yageo to Part C5
Added Parameter Manufacturer=Yageo to Part C11
Added Parameter Manufacturer=Yageo to Part C13
Added Parameter Manufacturer=Yageo to Part C15
Added Parameter Manufacturer=Yageo to Part C16
Added Parameter Manufacturer=Yageo to Part R24
Added Parameter Manufacturer=Yageo to Part R25
