Change Value of Parameter PartNumber in Part ANT1 Old= New=PCB PRINT
Change Value of Parameter Manufacturer in Part C6 Old= New=Yageo
Change Value of Parameter PartNumber in Part C6 Old= New=CC0402ZRY5V7BB104
Change Value of Parameter Supplier in Part C6 Old= New=Terraelectronica
Change Value of Parameter Unit Price in Part C6 Old= New=0.22
Change Value of Parameter WebLink in Part C6 Old= New=https://www.terraelectronica.ru/product/543093
Change Value of Parameter Manufacturer in Part C8 Old= New=Yageo
Change Value of Parameter PartNumber in Part C8 Old= New=CC0402ZRY5V7BB104
Change Value of Parameter Supplier in Part C8 Old= New=Terraelectronica
Change Value of Parameter Unit Price in Part C8 Old= New=0.22
Change Value of Parameter WebLink in Part C8 Old= New=https://www.terraelectronica.ru/product/543093
Change Value of Parameter Manufacturer in Part C10 Old= New=Yageo
Change Value of Parameter PartNumber in Part C10 Old= New=CC0402ZRY5V7BB104
Change Value of Parameter Supplier in Part C10 Old= New=Terraelectronica
Change Value of Parameter Unit Price in Part C10 Old= New=0.22
Change Value of Parameter WebLink in Part C10 Old= New=https://www.terraelectronica.ru/product/543093
Change Value of Parameter Manufacturer in Part C12 Old= New=Yageo
Change Value of Parameter PartNumber in Part C12 Old= New=CC0402ZRY5V7BB104
Change Value of Parameter Supplier in Part C12 Old= New=Terraelectronica
Change Value of Parameter Unit Price in Part C12 Old= New=0.22
Change Value of Parameter WebLink in Part C12 Old= New=https://www.terraelectronica.ru/product/543093
Change Value of Parameter Manufacturer in Part C14 Old= New=Kemet
Change Value of Parameter PartNumber in Part C14 Old= New=T491A106K010AT
Change Value of Parameter Supplier in Part C14 Old= New=Terraelectronica
Change Value of Parameter Unit Price in Part C14 Old= New=5
Change Value of Parameter WebLink in Part C14 Old= New=https://www.terraelectronica.ru/product/556976
Change Value of Parameter Manufacturer in Part C17 Old= New=Yageo
Change Value of Parameter PartNumber in Part C17 Old= New=CC0402ZRY5V7BB104
Change Value of Parameter Supplier in Part C17 Old= New=Terraelectronica
Change Value of Parameter Unit Price in Part C17 Old= New=0.22
Change Value of Parameter WebLink in Part C17 Old= New=https://www.terraelectronica.ru/product/543093
Change Value of Parameter Manufacturer in Part C18 Old= New=Yageo
Change Value of Parameter PartNumber in Part C18 Old= New=CC0402ZRY5V7BB104
Change Value of Parameter Supplier in Part C18 Old= New=Terraelectronica
Change Value of Parameter Unit Price in Part C18 Old= New=0.22
Change Value of Parameter WebLink in Part C18 Old= New=https://www.terraelectronica.ru/product/543093
Change Value of Parameter Manufacturer in Part R26 Old= New=Yageo
Change Value of Parameter PartNumber in Part R26 Old= New=RC0402FR-07750KL
Change Value of Parameter Supplier in Part R26 Old= New=Terraelectronica
Change Value of Parameter Unit Price in Part R26 Old= New=0.1
Change Value of Parameter WebLink in Part R26 Old= New=https://www.terraelectronica.ru/product/870851
Change Value of Parameter Manufacturer in Part R27 Old= New=Yageo
Change Value of Parameter PartNumber in Part R27 Old= New=RC0402FR-07750KL
Change Value of Parameter Supplier in Part R27 Old= New=Terraelectronica
Change Value of Parameter Unit Price in Part R27 Old= New=0.1
Change Value of Parameter WebLink in Part R27 Old= New=https://www.terraelectronica.ru/product/870851
