Removed Member From Class: ClassName=senocore Member=C13
Removed Member From Class: ClassName=senocore Member=C15
Removed Member From Class: ClassName=senocore Member=C16
Removed Member From Class: ClassName=senocore Member=C18
Removed Member From Class: ClassName=R Member=R33
Added Member To Class: ClassName=R Member=Component C12 100n
Added Member To Class: ClassName=R Member=Component C13 33p
Added Member To Class: ClassName=R Member=Component C14 10u
Added Member To Class: ClassName=R Member=Component C15 33p
Added Member To Class: ClassName=R Member=Component C16 33p
Added Member To Class: ClassName=R Member=Component C17 100n
Added Member To Class: ClassName=R Member=Component C18 100n
Added Member To Class: ClassName=senocore Member=Component C21 10u
Added Member To Class: ClassName=senocore Member=Component C22 10u
Added Member To Class: ClassName=senocore Member=Component C23 100n
Added Member To Class: ClassName=senocore Member=Component C24 100n
Added Member To Class: ClassName=senocore Member=Component C25 10u
Added Member To Class: ClassName=senocore Member=Component C26 10u
Added Member To Class: ClassName=senocore Member=Component C27 100n
Added Member To Class: ClassName=S Member=Component R5 10K
Added Member To Class: ClassName=S Member=Component R6 10K
Added Member To Class: ClassName=S Member=Component R11 10K
Added Member To Class: ClassName=S Member=Component R12 10K
Added Member To Class: ClassName=S Member=Component R13 10K
Added Member To Class: ClassName=S Member=Component R14 10K
Added Member To Class: ClassName=S Member=Component R15 10K
Added Member To Class: ClassName=R Member=Component R25 0
Added Member To Class: ClassName=R Member=Component R27 750K
Added Member To Class: ClassName=senocore Member=Component R28 1
Added Member To Class: ClassName=senocore Member=Component R31 10K
Added Member To Class: ClassName=senocore Member=Component R32 2.2K
