Change Component Designator: OldDesignator=C22 NewDesignator=C23
Change Component Designator: OldDesignator=C23 NewDesignator=C24
Change Component Designator: OldDesignator=C24 NewDesignator=C25
Change Component Designator: OldDesignator=C25 NewDesignator=C26
Change Component Designator: OldDesignator=C26 NewDesignator=C27
Change Component Designator: OldDesignator=C27 NewDesignator=C28
Change Component Designator: OldDesignator=R28 NewDesignator=R30
Change Component Designator: OldDesignator=R29 NewDesignator=R28
Change Component Designator: OldDesignator=R30 NewDesignator=R29
Change Component Description : Designator=DA1 Old Description=Opamp  2.2-5.5 V, Offset 5?V New Description=Opamp  2.2-5.5 V, Offset 5?V
Change Component Description : Designator=DA2 Old Description=Opamp  2.2-5.5 V, Offset 5?V New Description=Opamp  2.2-5.5 V, Offset 5?V
Change component parameters: Designator = "C5"; Footprint = "CAP0402"; UniqueID = "\ATFQRTBW\MFTUYSUI"
Change component parameters. Clean all parameters for all variants
Change component parameters (AddParameter): Name = "Manufacturer"; Value = "Yageo"; VariantName = "[No Variations]"
Change component parameters (AddParameter): Name = "PartNumber"; Value = "CC0402CRNPO9BN5R6"; VariantName = "[No Variations]"
Change component parameters (AddParameter): Name = "Supplier"; Value = "Terraelectronica"; VariantName = "[No Variations]"
Change component parameters (AddParameter): Name = "Unit Price"; Value = "0.27"; VariantName = "[No Variations]"
Change component parameters (AddParameter): Name = "WebLink"; Value = "https://www.terraelectronica.ru/product/980955"; VariantName = "[No Variations]"
Change component parameters: Designator = "C7"; Footprint = "CAP0402"; UniqueID = "\ATFQRTBW\MRRPXRIJ"
Change component parameters. Clean all parameters for all variants
Change component parameters (AddParameter): Name = "Manufacturer"; Value = "Murata"; VariantName = "[No Variations]"
Change component parameters (AddParameter): Name = "PartNumber"; Value = "GRM1555C1HR50BA01D"; VariantName = "[No Variations]"
Change component parameters (AddParameter): Name = "Supplier"; Value = "Terraelectronica"; VariantName = "[No Variations]"
Change component parameters (AddParameter): Name = "Unit Price"; Value = "0.69"; VariantName = "[No Variations]"
Change component parameters (AddParameter): Name = "WebLink"; Value = "https://www.terraelectronica.ru/product/817877"; VariantName = "[No Variations]"
Change component parameters: Designator = "C9"; Footprint = "CAP0402"; UniqueID = "\ATFQRTBW\AXNGFVCJ"
Change component parameters. Clean all parameters for all variants
Change component parameters (AddParameter): Name = "Manufacturer"; Value = "Murata"; VariantName = "[No Variations]"
Change component parameters (AddParameter): Name = "PartNumber"; Value = "GRM1555C1HR50BA01D"; VariantName = "[No Variations]"
Change component parameters (AddParameter): Name = "Supplier"; Value = "Terraelectronica"; VariantName = "[No Variations]"
Change component parameters (AddParameter): Name = "Unit Price"; Value = "0.69"; VariantName = "[No Variations]"
Change component parameters (AddParameter): Name = "WebLink"; Value = "https://www.terraelectronica.ru/product/817877"; VariantName = "[No Variations]"
Change component parameters: Designator = "C11"; Footprint = "CAP0402"; UniqueID = "\ATFQRTBW\JIGNAIRH"
Change component parameters. Clean all parameters for all variants
Change component parameters (AddParameter): Name = "Manufacturer"; Value = "Yageo"; VariantName = "[No Variations]"
Change component parameters (AddParameter): Name = "PartNumber"; Value = "CC0402CRNPO9BN5R6"; VariantName = "[No Variations]"
Change component parameters (AddParameter): Name = "Supplier"; Value = "Terraelectronica"; VariantName = "[No Variations]"
Change component parameters (AddParameter): Name = "Unit Price"; Value = "0.27"; VariantName = "[No Variations]"
Change component parameters (AddParameter): Name = "WebLink"; Value = "https://www.terraelectronica.ru/product/980955"; VariantName = "[No Variations]"
Change component parameters: Designator = "C13"; Footprint = "CAP0402"; UniqueID = "\ATFQRTBW\AMWUNNWX"
Change component parameters. Clean all parameters for all variants
Change component parameters (AddParameter): Name = "Manufacturer"; Value = "Yageo"; VariantName = "[No Variations]"
Change component parameters (AddParameter): Name = "PartNumber"; Value = "CC0402JRNPO9BN330"; VariantName = "[No Variations]"
Change component parameters (AddParameter): Name = "Supplier"; Value = "Terraelectronica"; VariantName = "[No Variations]"
Change component parameters (AddParameter): Name = "Unit Price"; Value = "0.24"; VariantName = "[No Variations]"
Change component parameters (AddParameter): Name = "WebLink"; Value = "https://www.terraelectronica.ru/product/367363"; VariantName = "[No Variations]"
Change component parameters: Designator = "C15"; Footprint = "CAP0402"; UniqueID = "\ATFQRTBW\KVVFTPDU"
Change component parameters. Clean all parameters for all variants
Change component parameters (AddParameter): Name = "Manufacturer"; Value = "Yageo"; VariantName = "[No Variations]"
Change component parameters (AddParameter): Name = "PartNumber"; Value = "CC0402JRNPO9BN330"; VariantName = "[No Variations]"
Change component parameters (AddParameter): Name = "Supplier"; Value = "Terraelectronica"; VariantName = "[No Variations]"
Change component parameters (AddParameter): Name = "Unit Price"; Value = "0.24"; VariantName = "[No Variations]"
Change component parameters (AddParameter): Name = "WebLink"; Value = "https://www.terraelectronica.ru/product/367363"; VariantName = "[No Variations]"
Change component parameters: Designator = "C16"; Footprint = "CAP0402"; UniqueID = "\ATFQRTBW\MQDBWBOY"
Change component parameters. Clean all parameters for all variants
Change component parameters (AddParameter): Name = "Manufacturer"; Value = "Yageo"; VariantName = "[No Variations]"
Change component parameters (AddParameter): Name = "PartNumber"; Value = "CC0402JRNPO9BN330"; VariantName = "[No Variations]"
Change component parameters (AddParameter): Name = "Supplier"; Value = "Terraelectronica"; VariantName = "[No Variations]"
Change component parameters (AddParameter): Name = "Unit Price"; Value = "0.24"; VariantName = "[No Variations]"
Change component parameters (AddParameter): Name = "WebLink"; Value = "https://www.terraelectronica.ru/product/367363"; VariantName = "[No Variations]"
Change component parameters: Designator = "C19"; Footprint = "CAP0402"; UniqueID = "\ATFQRTBW\WWPTJTTI"
Change component parameters. Clean all parameters for all variants
Change component parameters (AddParameter): Name = "Manufacturer"; Value = "Samsung"; VariantName = "[No Variations]"
Change component parameters (AddParameter): Name = "PartNumber"; Value = "CL05C270JB5NNNC"; VariantName = "[No Variations]"
Change component parameters (AddParameter): Name = "Supplier"; Value = "Terraelectronica"; VariantName = "[No Variations]"
Change component parameters (AddParameter): Name = "Unit Price"; Value = "0.24"; VariantName = "[No Variations]"
Change component parameters (AddParameter): Name = "WebLink"; Value = "https://www.terraelectronica.ru/product/863257"; VariantName = "[No Variations]"
Change component parameters: Designator = "C20"; Footprint = "CAP0402"; UniqueID = "\ATFQRTBW\XMFSSRJR"
Change component parameters. Clean all parameters for all variants
Change component parameters (AddParameter): Name = "Manufacturer"; Value = "Samsung"; VariantName = "[No Variations]"
Change component parameters (AddParameter): Name = "PartNumber"; Value = "CL05C270JB5NNNC"; VariantName = "[No Variations]"
Change component parameters (AddParameter): Name = "Supplier"; Value = "Terraelectronica"; VariantName = "[No Variations]"
Change component parameters (AddParameter): Name = "Unit Price"; Value = "0.24"; VariantName = "[No Variations]"
Change component parameters (AddParameter): Name = "WebLink"; Value = "https://www.terraelectronica.ru/product/863257"; VariantName = "[No Variations]"
Change component parameters: Designator = "DA3"; Footprint = "QLP-48"; UniqueID = "\ATFQRTBW\RMWOBPKB"
Change component parameters. Clean all parameters for all variants
Change component parameters (AddParameter): Name = "Manufacturer"; Value = "Texas Instruments"; VariantName = "[No Variations]"
Change component parameters (AddParameter): Name = "PartNumber"; Value = "CC2420RGZR"; VariantName = "[No Variations]"
Change component parameters (AddParameter): Name = "Supplier"; Value = "Terraelectronica"; VariantName = "[No Variations]"
Change component parameters (AddParameter): Name = "Unit Price"; Value = "439"; VariantName = "[No Variations]"
Change component parameters (AddParameter): Name = "WebLink"; Value = "https://www.terraelectronica.ru/catalog/integralnye-mikroshemy-dlya-radiosvyazi-274?text=cc2420&search=cc2420"; VariantName = "[No Variations]"
Change component parameters: Designator = "DA4"; Footprint = "SC70-3"; UniqueID = "\DDTBCUKX"
Change component parameters. Clean all parameters for all variants
Change component parameters (AddParameter): Name = "Manufacturer"; Value = "Texas Instruments"; VariantName = "[No Variations]"
Change component parameters (AddParameter): Name = "PartNumber"; Value = "REF3318AIDCKR, REF3318AIDCKT"; VariantName = "[No Variations]"
Change component parameters (AddParameter): Name = "Supplier"; Value = "Terrraelectronica"; VariantName = "[No Variations]"
Change component parameters (AddParameter): Name = "Unit Price"; Value = "67"; VariantName = "[No Variations]"
Change component parameters (AddParameter): Name = "WebLink"; Value = "https://www.terraelectronica.ru/catalog/istochniki-opornogo-napryazheniya-i-toka-256?text=ref3320&search=ref3320"; VariantName = "[No Variations]"
Change component parameters: Designator = "DD1"; Footprint = "So-8W"; UniqueID = "\JFEPPBXO"
Change component parameters. Clean all parameters for all variants
Change component parameters (AddParameter): Name = "Manufacturer"; Value = "Micron"; VariantName = "[No Variations]"
Change component parameters (AddParameter): Name = "PartNumber"; Value = "M25P80-VMW"; VariantName = "[No Variations]"
Change component parameters (AddParameter): Name = "Supplier"; Value = "Chipdip"; VariantName = "[No Variations]"
Change component parameters (AddParameter): Name = "Unit Price"; Value = "130"; VariantName = "[No Variations]"
Change component parameters (AddParameter): Name = "WebLink"; Value = "https://www.chipdip.ru/product1/8344124196"; VariantName = "[No Variations]"
Change component parameters: Designator = "DD2"; Footprint = "LQFP-64"; UniqueID = "\LYDQJXJR"
Change component parameters. Clean all parameters for all variants
Change component parameters (AddParameter): Name = "Manufacturer"; Value = "Texas Instruments"; VariantName = "[No Variations]"
Change component parameters (AddParameter): Name = "PartNumber"; Value = "MSP430F1611IPM"; VariantName = "[No Variations]"
Change component parameters (AddParameter): Name = "Supplier"; Value = "Terraelectronica"; VariantName = "[No Variations]"
Change component parameters (AddParameter): Name = "Unit Price"; Value = "1480"; VariantName = "[No Variations]"
Change component parameters (AddParameter): Name = "WebLink"; Value = "https://www.terraelectronica.ru/product/67958"; VariantName = "[No Variations]"
Change component parameters: Designator = "DD3"; Footprint = "SOT-23-3"; UniqueID = "\XVBABGSC"
Change component parameters. Clean all parameters for all variants
Change component parameters (AddParameter): Name = "Manufacturer"; Value = "Maxim"; VariantName = "[No Variations]"
Change component parameters (AddParameter): Name = "PartNumber"; Value = "DS2411R+T&R"; VariantName = "[No Variations]"
Change component parameters (AddParameter): Name = "Supplier"; Value = "Chipdip"; VariantName = "[No Variations]"
Change component parameters (AddParameter): Name = "Unit Price"; Value = "130"; VariantName = "[No Variations]"
Change component parameters (AddParameter): Name = "WebLink"; Value = "https://www.chipdip.ru/product/ds2411r-t-r-2"; VariantName = "[No Variations]"
Change component parameters: Designator = "DD4"; Footprint = "SHT1x"; UniqueID = "\AOGAAFAJ"
Change component parameters. Clean all parameters for all variants
Change component parameters (AddParameter): Name = "Manufacturer"; Value = "Sensirion"; VariantName = "[No Variations]"
Change component parameters (AddParameter): Name = "PartNumber"; Value = "SHT10"; VariantName = "[No Variations]"
Change component parameters (AddParameter): Name = "Supplier"; Value = "Terraelectronica"; VariantName = "[No Variations]"
Change component parameters (AddParameter): Name = "Unit Price"; Value = "998"; VariantName = "[No Variations]"
Change component parameters (AddParameter): Name = "WebLink"; Value = "https://www.terraelectronica.ru/product/325109"; VariantName = "[No Variations]"
Change component parameters: Designator = "HL1"; Footprint = "LED RED TH L-1394IDT"; UniqueID = "\UYYDTUMA"
Change component parameters. Clean all parameters for all variants
Change component parameters (AddParameter): Name = "Manufacturer"; Value = "Kingbright"; VariantName = "[No Variations]"
Change component parameters (AddParameter): Name = "PartNumber"; Value = "L-1394IDT"; VariantName = "[No Variations]"
Change component parameters (AddParameter): Name = "Supplier"; Value = "Chipdip"; VariantName = "[No Variations]"
Change component parameters (AddParameter): Name = "Unit Price"; Value = "8"; VariantName = "[No Variations]"
Change component parameters (AddParameter): Name = "WebLink"; Value = "https://www.chipdip.ru/product/l-1394id-t"; VariantName = "[No Variations]"
Change component parameters: Designator = "HL2"; Footprint = "LED GREEN TH L-1394GDT"; UniqueID = "\YSMBCYNB"
Change component parameters. Clean all parameters for all variants
Change component parameters (AddParameter): Name = "Manufacturer"; Value = "Kingbright"; VariantName = "[No Variations]"
Change component parameters (AddParameter): Name = "PartNumber"; Value = "L-1394GDT"; VariantName = "[No Variations]"
Change component parameters (AddParameter): Name = "Supplier"; Value = "Chipdip"; VariantName = "[No Variations]"
Change component parameters (AddParameter): Name = "Unit Price"; Value = "8"; VariantName = "[No Variations]"
Change component parameters (AddParameter): Name = "WebLink"; Value = "https://www.chipdip.ru/product/l-1394gd-t"; VariantName = "[No Variations]"
Change component parameters: Designator = "HL3"; Footprint = "LED YELLOW TH L-1394YDT"; UniqueID = "\CGIJMLWY"
Change component parameters. Clean all parameters for all variants
Change component parameters (AddParameter): Name = "Manufacturer"; Value = "Kingbright"; VariantName = "[No Variations]"
Change component parameters (AddParameter): Name = "PartNumber"; Value = "L-1394YDT"; VariantName = "[No Variations]"
Change component parameters (AddParameter): Name = "Supplier"; Value = "Chipdip"; VariantName = "[No Variations]"
Change component parameters (AddParameter): Name = "Unit Price"; Value = "8"; VariantName = "[No Variations]"
Change component parameters (AddParameter): Name = "WebLink"; Value = "https://www.chipdip.ru/product/l-1394yd-t"; VariantName = "[No Variations]"
Change component parameters: Designator = "L1"; Footprint = "IND0805"; UniqueID = "\FYKJXIIL\OLSTMYAP"
Change component parameters. Clean all parameters for all variants
Change component parameters (AddParameter): Name = "Manufacturer"; Value = "Murata"; VariantName = "[No Variations]"
Change component parameters (AddParameter): Name = "PartNumber"; Value = "LQM21FN100M80L"; VariantName = "[No Variations]"
Change component parameters (AddParameter): Name = "Supplier"; Value = "Terraelectronica"; VariantName = "[No Variations]"
Change component parameters (AddParameter): Name = "Unit Price"; Value = "4.4"; VariantName = "[No Variations]"
Change component parameters (AddParameter): Name = "WebLink"; Value = "https://www.terraelectronica.ru/product/1496283"; VariantName = "[No Variations]"
Change component parameters: Designator = "L2"; Footprint = "IND0402"; UniqueID = "\ATFQRTBW\OBPUTHGF"
Change component parameters. Clean all parameters for all variants
Change component parameters (AddParameter): Name = "Manufacturer"; Value = "Murata"; VariantName = "[No Variations]"
Change component parameters (AddParameter): Name = "PartNumber"; Value = "LQG15HS7N5J02D"; VariantName = "[No Variations]"
Change component parameters (AddParameter): Name = "Supplier"; Value = "Terraelectronica"; VariantName = "[No Variations]"
Change component parameters (AddParameter): Name = "Unit Price"; Value = "1.1"; VariantName = "[No Variations]"
Change component parameters (AddParameter): Name = "WebLink"; Value = "https://www.terraelectronica.ru/product/574342"; VariantName = "[No Variations]"
Change component parameters: Designator = "L3"; Footprint = "IND0402"; UniqueID = "\ATFQRTBW\AXYUIUCC"
Change component parameters. Clean all parameters for all variants
Change component parameters (AddParameter): Name = "Manufacturer"; Value = "Murata"; VariantName = "[No Variations]"
Change component parameters (AddParameter): Name = "PartNumber"; Value = "LQG15HS5N6S02D"; VariantName = "[No Variations]"
Change component parameters (AddParameter): Name = "Supplier"; Value = "Terraelectronica"; VariantName = "[No Variations]"
Change component parameters (AddParameter): Name = "Unit Price"; Value = "1.1"; VariantName = "[No Variations]"
Change component parameters (AddParameter): Name = "WebLink"; Value = "https://www.terraelectronica.ru/product/867408"; VariantName = "[No Variations]"
Change component parameters: Designator = "L4"; Footprint = "IND0402"; UniqueID = "\ATFQRTBW\WVQSEVBR"
Change component parameters. Clean all parameters for all variants
Change component parameters (AddParameter): Name = "Manufacturer"; Value = "Murata"; VariantName = "[No Variations]"
Change component parameters (AddParameter): Name = "PartNumber"; Value = "LQG15HS7N5J02D"; VariantName = "[No Variations]"
Change component parameters (AddParameter): Name = "Supplier"; Value = "Terraelectronica"; VariantName = "[No Variations]"
Change component parameters (AddParameter): Name = "Unit Price"; Value = "1.1"; VariantName = "[No Variations]"
Change component parameters (AddParameter): Name = "WebLink"; Value = "https://www.terraelectronica.ru/product/574342"; VariantName = "[No Variations]"
Change component parameters: Designator = "L5"; Footprint = "IND0805"; UniqueID = "\ATFQRTBW\OAHVXOMY"
Change component parameters. Clean all parameters for all variants
Change component parameters (AddParameter): Name = "Manufacturer"; Value = "Murata"; VariantName = "[No Variations]"
Change component parameters (AddParameter): Name = "PartNumber"; Value = "LQM21FN100M80L"; VariantName = "[No Variations]"
Change component parameters (AddParameter): Name = "Supplier"; Value = "Terraelectronica"; VariantName = "[No Variations]"
Change component parameters (AddParameter): Name = "Unit Price"; Value = "4.4"; VariantName = "[No Variations]"
Change component parameters (AddParameter): Name = "WebLink"; Value = "https://www.terraelectronica.ru/product/1496283"; VariantName = "[No Variations]"
Change component parameters: Designator = "L6"; Footprint = "IND0805"; UniqueID = "\GCRGJOEQ"
Change component parameters. Clean all parameters for all variants
Change component parameters (AddParameter): Name = "Manufacturer"; Value = "Murata"; VariantName = "[No Variations]"
Change component parameters (AddParameter): Name = "PartNumber"; Value = "LQM21FN100M80L"; VariantName = "[No Variations]"
Change component parameters (AddParameter): Name = "Supplier"; Value = "Terraelectronica"; VariantName = "[No Variations]"
Change component parameters (AddParameter): Name = "Unit Price"; Value = "4.4"; VariantName = "[No Variations]"
Change component parameters (AddParameter): Name = "WebLink"; Value = "https://www.terraelectronica.ru/product/1496283"; VariantName = "[No Variations]"
Change component parameters: Designator = "R1"; Footprint = "RES0402"; UniqueID = "\FYKJXIIL\NKRNYUGG"
Change component parameters. Clean all parameters for all variants
Change component parameters (AddParameter): Name = "Manufacturer"; Value = "Yageo"; VariantName = "[No Variations]"
Change component parameters (AddParameter): Name = "PartNumber"; Value = "RC0402FR-0720KL"; VariantName = "[No Variations]"
Change component parameters (AddParameter): Name = "Supplier"; Value = "Terraelectronicac"; VariantName = "[No Variations]"
Change component parameters (AddParameter): Name = "Unit Price"; Value = "0.11"; VariantName = "[No Variations]"
Change component parameters (AddParameter): Name = "WebLink"; Value = "https://www.terraelectronica.ru/product/506449"; VariantName = "[No Variations]"
Change component parameters: Designator = "R2"; Footprint = "RES0402"; UniqueID = "\FYKJXIIL\DAOIFFGV"
Change component parameters. Clean all parameters for all variants
Change component parameters (AddParameter): Name = "Manufacturer"; Value = "Yageo"; VariantName = "[No Variations]"
Change component parameters (AddParameter): Name = "PartNumber"; Value = "RC0402FR-0720KL"; VariantName = "[No Variations]"
Change component parameters (AddParameter): Name = "Supplier"; Value = "Terraelectronicac"; VariantName = "[No Variations]"
Change component parameters (AddParameter): Name = "Unit Price"; Value = "0.11"; VariantName = "[No Variations]"
Change component parameters (AddParameter): Name = "WebLink"; Value = "https://www.terraelectronica.ru/product/506449"; VariantName = "[No Variations]"
Change component parameters: Designator = "R3"; Footprint = "RES0402"; UniqueID = "\FYKJXIIL\BQLPUPEA"
Change component parameters. Clean all parameters for all variants
Change component parameters (AddParameter): Name = "Manufacturer"; Value = "Yageo"; VariantName = "[No Variations]"
Change component parameters (AddParameter): Name = "PartNumber"; Value = "RC0402FR-0720KL"; VariantName = "[No Variations]"
Change component parameters (AddParameter): Name = "Supplier"; Value = "Terraelectronicac"; VariantName = "[No Variations]"
Change component parameters (AddParameter): Name = "Unit Price"; Value = "0.11"; VariantName = "[No Variations]"
Change component parameters (AddParameter): Name = "WebLink"; Value = "https://www.terraelectronica.ru/product/506449"; VariantName = "[No Variations]"
Change component parameters: Designator = "R4"; Footprint = "RES0402"; UniqueID = "\FYKJXIIL\VCYUACGQ"
Change component parameters. Clean all parameters for all variants
Change component parameters (AddParameter): Name = "Manufacturer"; Value = "Yageo"; VariantName = "[No Variations]"
Change component parameters (AddParameter): Name = "PartNumber"; Value = "RC0402FR-0720KL"; VariantName = "[No Variations]"
Change component parameters (AddParameter): Name = "Supplier"; Value = "Terraelectronicac"; VariantName = "[No Variations]"
Change component parameters (AddParameter): Name = "Unit Price"; Value = "0.11"; VariantName = "[No Variations]"
Change component parameters (AddParameter): Name = "WebLink"; Value = "https://www.terraelectronica.ru/product/506449"; VariantName = "[No Variations]"
Change component parameters: Designator = "R19"; Footprint = "RES0402"; UniqueID = "\FYKJXIIL\AAXKQGTL"
Change component parameters. Clean all parameters for all variants
Change component parameters (AddParameter): Name = "Manufacturer"; Value = "Yageo"; VariantName = "[No Variations]"
Change component parameters (AddParameter): Name = "PartNumber"; Value = "RC0402FR-0720KL"; VariantName = "[No Variations]"
Change component parameters (AddParameter): Name = "Supplier"; Value = "Terraelectronicac"; VariantName = "[No Variations]"
Change component parameters (AddParameter): Name = "Unit Price"; Value = "0.11"; VariantName = "[No Variations]"
Change component parameters (AddParameter): Name = "WebLink"; Value = "https://www.terraelectronica.ru/product/506449"; VariantName = "[No Variations]"
Change component parameters: Designator = "R20"; Footprint = "RES0402"; UniqueID = "\FYKJXIIL\BMIBVTYS"
Change component parameters. Clean all parameters for all variants
Change component parameters (AddParameter): Name = "Manufacturer"; Value = "Yageo"; VariantName = "[No Variations]"
Change component parameters (AddParameter): Name = "PartNumber"; Value = "RC0402FR-0720KL"; VariantName = "[No Variations]"
Change component parameters (AddParameter): Name = "Supplier"; Value = "Terraelectronicac"; VariantName = "[No Variations]"
Change component parameters (AddParameter): Name = "Unit Price"; Value = "0.11"; VariantName = "[No Variations]"
Change component parameters (AddParameter): Name = "WebLink"; Value = "https://www.terraelectronica.ru/product/506449"; VariantName = "[No Variations]"
Change component parameters: Designator = "R21"; Footprint = "RES0402"; UniqueID = "\FYKJXIIL\KEKLRNLO"
Change component parameters. Clean all parameters for all variants
Change component parameters (AddParameter): Name = "Manufacturer"; Value = "Yageo"; VariantName = "[No Variations]"
Change component parameters (AddParameter): Name = "PartNumber"; Value = "RC0402FR-0720KL"; VariantName = "[No Variations]"
Change component parameters (AddParameter): Name = "Supplier"; Value = "Terraelectronicac"; VariantName = "[No Variations]"
Change component parameters (AddParameter): Name = "Unit Price"; Value = "0.11"; VariantName = "[No Variations]"
Change component parameters (AddParameter): Name = "WebLink"; Value = "https://www.terraelectronica.ru/product/506449"; VariantName = "[No Variations]"
Change component parameters: Designator = "R22"; Footprint = "RES0402"; UniqueID = "\FYKJXIIL\GEURQTTK"
Change component parameters. Clean all parameters for all variants
Change component parameters (AddParameter): Name = "Manufacturer"; Value = "Yageo"; VariantName = "[No Variations]"
Change component parameters (AddParameter): Name = "PartNumber"; Value = "RC0402FR-0720KL"; VariantName = "[No Variations]"
Change component parameters (AddParameter): Name = "Supplier"; Value = "Terraelectronicac"; VariantName = "[No Variations]"
Change component parameters (AddParameter): Name = "Unit Price"; Value = "0.11"; VariantName = "[No Variations]"
Change component parameters (AddParameter): Name = "WebLink"; Value = "https://www.terraelectronica.ru/product/506449"; VariantName = "[No Variations]"
Change component parameters: Designator = "R23"; Footprint = "RES0402"; UniqueID = "\FYKJXIIL\JBPYSBSA"
Change component parameters. Clean all parameters for all variants
Change component parameters (AddParameter): Name = "Manufacturer"; Value = "Yageo"; VariantName = "[No Variations]"
Change component parameters (AddParameter): Name = "PartNumber"; Value = "RC0402FR-0720KL"; VariantName = "[No Variations]"
Change component parameters (AddParameter): Name = "Supplier"; Value = "Terraelectronicac"; VariantName = "[No Variations]"
Change component parameters (AddParameter): Name = "Unit Price"; Value = "0.11"; VariantName = "[No Variations]"
Change component parameters (AddParameter): Name = "WebLink"; Value = "https://www.terraelectronica.ru/product/506449"; VariantName = "[No Variations]"
Change component parameters: Designator = "R24"; Footprint = "RES0402"; UniqueID = "\ATFQRTBW\WKKPAJJU"
Change component parameters. Clean all parameters for all variants
Change component parameters (AddParameter): Name = "Manufacturer"; Value = "Yageo"; VariantName = "[No Variations]"
Change component parameters (AddParameter): Name = "PartNumber"; Value = "RC0402FR-0743KL"; VariantName = "[No Variations]"
Change component parameters (AddParameter): Name = "Supplier"; Value = "Terraelectronica"; VariantName = "[No Variations]"
Change component parameters (AddParameter): Name = "Unit Price"; Value = "0.11"; VariantName = "[No Variations]"
Change component parameters (AddParameter): Name = "WebLink"; Value = "https://www.terraelectronica.ru/product/870768"; VariantName = "[No Variations]"
Change component parameters: Designator = "R30"; Footprint = "RES0402"; UniqueID = "\HHOQXGHN"
Change component parameters. Clean all parameters for all variants
Change component parameters (AddParameter): Name = "Manufacturer"; Value = "Yageo"; VariantName = "[No Variations]"
Change component parameters (AddParameter): Name = "PartNumber"; Value = "RC0402FR-071RL"; VariantName = "[No Variations]"
Change component parameters (AddParameter): Name = "Supplier"; Value = "Terraelectronica"; VariantName = "[No Variations]"
Change component parameters (AddParameter): Name = "Unit Price"; Value = "0.1"; VariantName = "[No Variations]"
Change component parameters (AddParameter): Name = "WebLink"; Value = "https://www.terraelectronica.ru/product/870639"; VariantName = "[No Variations]"
Change component parameters: Designator = "R28"; Footprint = "RES0402"; UniqueID = "\RWOVXFSC"
Change component parameters. Clean all parameters for all variants
Change component parameters (AddParameter): Name = "Manufacturer"; Value = "Yageo"; VariantName = "[No Variations]"
Change component parameters (AddParameter): Name = "PartNumber"; Value = "RC0402FR-07470RL"; VariantName = "[No Variations]"
Change component parameters (AddParameter): Name = "Supplier"; Value = "Terraelectronica"; VariantName = "[No Variations]"
Change component parameters (AddParameter): Name = "Unit Price"; Value = "0.1"; VariantName = "[No Variations]"
Change component parameters (AddParameter): Name = "WebLink"; Value = "https://www.terraelectronica.ru/product/870778"; VariantName = "[No Variations]"
Change component parameters: Designator = "R31"; Footprint = "RES0402"; UniqueID = "\DDCCGASF"
Change component parameters. Clean all parameters for all variants
Change component parameters (AddParameter): Name = "Manufacturer"; Value = "Yageo"; VariantName = "[No Variations]"
Change component parameters (AddParameter): Name = "PartNumber"; Value = "RC0402FR-0710KL"; VariantName = "[No Variations]"
Change component parameters (AddParameter): Name = "Supplier"; Value = "Terraelectronica"; VariantName = "[No Variations]"
Change component parameters (AddParameter): Name = "Unit Price"; Value = "0.1"; VariantName = "[No Variations]"
Change component parameters (AddParameter): Name = "WebLink"; Value = "tps://www.terraelectronica.ru/product/358779"; VariantName = "[No Variations]"
Change component parameters: Designator = "R32"; Footprint = "RES0402"; UniqueID = "\BCYOSNRD"
Change component parameters. Clean all parameters for all variants
Change component parameters (AddParameter): Name = "Manufacturer"; Value = "Yageo"; VariantName = "[No Variations]"
Change component parameters (AddParameter): Name = "PartNumber"; Value = "RC0402FR-072K2L"; VariantName = "[No Variations]"
Change component parameters (AddParameter): Name = "Supplier"; Value = "Terraelectronica"; VariantName = "[No Variations]"
Change component parameters (AddParameter): Name = "Unit Price"; Value = "0.11"; VariantName = "[No Variations]"
Change component parameters (AddParameter): Name = "WebLink"; Value = "https://www.terraelectronica.ru/product/560314"; VariantName = "[No Variations]"
Change component parameters: Designator = "R33"; Footprint = "RES0402"; UniqueID = "\WIBXMNEI"
Change component parameters. Clean all parameters for all variants
Change component parameters (AddParameter): Name = "Manufacturer"; Value = "Yageo"; VariantName = "[No Variations]"
Change component parameters (AddParameter): Name = "PartNumber"; Value = "RC0402FR-0710KL"; VariantName = "[No Variations]"
Change component parameters (AddParameter): Name = "Supplier"; Value = "Terraelectronica"; VariantName = "[No Variations]"
Change component parameters (AddParameter): Name = "Unit Price"; Value = "0.1"; VariantName = "[No Variations]"
Change component parameters (AddParameter): Name = "WebLink"; Value = "tps://www.terraelectronica.ru/product/358779"; VariantName = "[No Variations]"
Change component parameters: Designator = "R34"; Footprint = "RES0402"; UniqueID = "\GQMBSYKH"
Change component parameters. Clean all parameters for all variants
Change component parameters (AddParameter): Name = "Manufacturer"; Value = "Yageo"; VariantName = "[No Variations]"
Change component parameters (AddParameter): Name = "PartNumber"; Value = "RC0402FR-0710KL"; VariantName = "[No Variations]"
Change component parameters (AddParameter): Name = "Supplier"; Value = "Terraelectronica"; VariantName = "[No Variations]"
Change component parameters (AddParameter): Name = "Unit Price"; Value = "0.1"; VariantName = "[No Variations]"
Change component parameters (AddParameter): Name = "WebLink"; Value = "tps://www.terraelectronica.ru/product/358779"; VariantName = "[No Variations]"
Change component parameters: Designator = "R35"; Footprint = "RES0402"; UniqueID = "\UQHGUNJH"
Change component parameters. Clean all parameters for all variants
Change component parameters (AddParameter): Name = "Manufacturer"; Value = "Yageo"; VariantName = "[No Variations]"
Change component parameters (AddParameter): Name = "PartNumber"; Value = "RC0402FR-07470RL"; VariantName = "[No Variations]"
Change component parameters (AddParameter): Name = "Supplier"; Value = "Terraelectronica"; VariantName = "[No Variations]"
Change component parameters (AddParameter): Name = "Unit Price"; Value = "0.1"; VariantName = "[No Variations]"
Change component parameters (AddParameter): Name = "WebLink"; Value = "https://www.terraelectronica.ru/product/870778"; VariantName = "[No Variations]"
Change component parameters: Designator = "R36"; Footprint = "RES0402"; UniqueID = "\JQHYNIHD"
Change component parameters. Clean all parameters for all variants
Change component parameters (AddParameter): Name = "Manufacturer"; Value = "Yageo"; VariantName = "[No Variations]"
Change component parameters (AddParameter): Name = "PartNumber"; Value = "RC0402FR-07220RL"; VariantName = "[No Variations]"
Change component parameters (AddParameter): Name = "Supplier"; Value = "Terraelectronica"; VariantName = "[No Variations]"
Change component parameters (AddParameter): Name = "Unit Price"; Value = "0.1"; VariantName = "[No Variations]"
Change component parameters (AddParameter): Name = "WebLink"; Value = "https://www.terraelectronica.ru/product/870650"; VariantName = "[No Variations]"
Change component parameters: Designator = "R37"; Footprint = "RES0402"; UniqueID = "\IDLSEKWM"
Change component parameters. Clean all parameters for all variants
Change component parameters (AddParameter): Name = "Manufacturer"; Value = "Yageo"; VariantName = "[No Variations]"
Change component parameters (AddParameter): Name = "PartNumber"; Value = "RC0402FR-07100RL"; VariantName = "[No Variations]"
Change component parameters (AddParameter): Name = "Supplier"; Value = "Terraelectronica"; VariantName = "[No Variations]"
Change component parameters (AddParameter): Name = "Unit Price"; Value = "0.11"; VariantName = "[No Variations]"
Change component parameters (AddParameter): Name = "WebLink"; Value = "https://www.terraelectronica.ru/product/361823"; VariantName = "[No Variations]"
Change component parameters: Designator = "X1"; Footprint = "microfit30_16"; UniqueID = "\FYKJXIIL\TNAPWDKO"
Change component parameters. Clean all parameters for all variants
Change component parameters (AddParameter): Name = "Manufacturer"; Value = "Molex"; VariantName = "[No Variations]"
Change component parameters (AddParameter): Name = "PartNumber"; Value = "43045-1601 molex"; VariantName = "[No Variations]"
Change component parameters (AddParameter): Name = "Supplier"; Value = "Chipdip"; VariantName = "[No Variations]"
Change component parameters (AddParameter): Name = "Unit Price"; Value = "450"; VariantName = "[No Variations]"
Change component parameters (AddParameter): Name = "WebLink"; Value = "https://www.chipdip.ru/product/43045-1601"; VariantName = "[No Variations]"
Change component parameters: Designator = "ZQ1"; Footprint = "HC49SMD"; UniqueID = "\ATFQRTBW\TOQOEUSO"
Change component parameters. Clean all parameters for all variants
Change component parameters (AddParameter): Name = "Manufacturer"; Value = "China"; VariantName = "[No Variations]"
Change component parameters (AddParameter): Name = "PartNumber"; Value = "16.000MHzHC-49SM"; VariantName = "[No Variations]"
Change component parameters (AddParameter): Name = "Supplier"; Value = "Chipdip"; VariantName = "[No Variations]"
Change component parameters (AddParameter): Name = "Unit Price"; Value = "15"; VariantName = "[No Variations]"
Change component parameters (AddParameter): Name = "WebLink"; Value = "https://www.chipdip.ru/product/16mhz-hc-49sm?from=suggest_product"; VariantName = "[No Variations]"
Change component parameters: Designator = "ZQ2"; Footprint = "DT-26"; UniqueID = "\NWGUIGSV"
Change component parameters. Clean all parameters for all variants
Change component parameters (AddParameter): Name = "Manufacturer"; Value = "China"; VariantName = "[No Variations]"
Change component parameters (AddParameter): Name = "PartNumber"; Value = "32768Hz(2x6mm)"; VariantName = "[No Variations]"
Change component parameters (AddParameter): Name = "Supplier"; Value = "Chipdip"; VariantName = "[No Variations]"
Change component parameters (AddParameter): Name = "Unit Price"; Value = "12"; VariantName = "[No Variations]"
Change component parameters (AddParameter): Name = "WebLink"; Value = "https://www.chipdip.ru/product/32768hz-2x6mm"; VariantName = "[No Variations]"
Change component parameters: Designator = "ANT1"; Footprint = "F-antena"; UniqueID = "\ATFQRTBW\GOMYVGJB"
Change component parameters. Clean all parameters for all variants
Change component parameters (AddParameter): Name = "Manufacturer"; Value = ""; VariantName = "[No Variations]"
Change component parameters (AddParameter): Name = "PartNumber"; Value = "PCB PRINT"; VariantName = "[No Variations]"
Change component parameters (AddParameter): Name = "Supplier"; Value = ""; VariantName = "[No Variations]"
Change component parameters (AddParameter): Name = "Unit Price"; Value = ""; VariantName = "[No Variations]"
Change component parameters (AddParameter): Name = "WebLink"; Value = ""; VariantName = "[No Variations]"
Change component parameters: Designator = "VT1"; Footprint = "SOT-23-3"; UniqueID = "\NBDPCPUY"
Change component parameters. Clean all parameters for all variants
Change component parameters (AddParameter): Name = "Manufacturer"; Value = "International Rectifier"; VariantName = "[No Variations]"
Change component parameters (AddParameter): Name = "PartNumber"; Value = "IRLML5103TRPBF"; VariantName = "[No Variations]"
Change component parameters (AddParameter): Name = "Supplier"; Value = "Chipdip"; VariantName = "[No Variations]"
Change component parameters (AddParameter): Name = "Unit Price"; Value = "9"; VariantName = "[No Variations]"
Change component parameters (AddParameter): Name = "WebLink"; Value = "https://www.chipdip.ru/product/irlml5103tr"; VariantName = "[No Variations]"
Change component parameters: Designator = "R5"; Footprint = "RES0402"; UniqueID = "\FYKJXIIL\HNUPNWPC"
Change component parameters. Clean all parameters for all variants
Change component parameters (AddParameter): Name = "Manufacturer"; Value = "Yageo"; VariantName = "[No Variations]"
Change component parameters (AddParameter): Name = "PartNumber"; Value = "RC0402FR-0710KL"; VariantName = "[No Variations]"
Change component parameters (AddParameter): Name = "Supplier"; Value = "Terraelectronica"; VariantName = "[No Variations]"
Change component parameters (AddParameter): Name = "Unit Price"; Value = "0.1"; VariantName = "[No Variations]"
Change component parameters (AddParameter): Name = "WebLink"; Value = "https://www.terraelectronica.ru/product/358779"; VariantName = "[No Variations]"
Change component parameters: Designator = "R6"; Footprint = "RES0402"; UniqueID = "\FYKJXIIL\PBBCCFNA"
Change component parameters. Clean all parameters for all variants
Change component parameters (AddParameter): Name = "Manufacturer"; Value = "Yageo"; VariantName = "[No Variations]"
Change component parameters (AddParameter): Name = "PartNumber"; Value = "RC0402FR-0710KL"; VariantName = "[No Variations]"
Change component parameters (AddParameter): Name = "Supplier"; Value = "Terraelectronica"; VariantName = "[No Variations]"
Change component parameters (AddParameter): Name = "Unit Price"; Value = "0.1"; VariantName = "[No Variations]"
Change component parameters (AddParameter): Name = "WebLink"; Value = "https://www.terraelectronica.ru/product/358779"; VariantName = "[No Variations]"
Change component parameters: Designator = "R7"; Footprint = "RES0402"; UniqueID = "\FYKJXIIL\DCRSTUIH"
Change component parameters. Clean all parameters for all variants
Change component parameters (AddParameter): Name = "Manufacturer"; Value = "Yageo"; VariantName = "[No Variations]"
Change component parameters (AddParameter): Name = "PartNumber"; Value = "RC0402FR-0710KL"; VariantName = "[No Variations]"
Change component parameters (AddParameter): Name = "Supplier"; Value = "Terraelectronica"; VariantName = "[No Variations]"
Change component parameters (AddParameter): Name = "Unit Price"; Value = "0.1"; VariantName = "[No Variations]"
Change component parameters (AddParameter): Name = "WebLink"; Value = "https://www.terraelectronica.ru/product/358779"; VariantName = "[No Variations]"
Change component parameters: Designator = "R8"; Footprint = "RES0402"; UniqueID = "\FYKJXIIL\BRIHIJBQ"
Change component parameters. Clean all parameters for all variants
Change component parameters (AddParameter): Name = "Manufacturer"; Value = "Yageo"; VariantName = "[No Variations]"
Change component parameters (AddParameter): Name = "PartNumber"; Value = "RC0402FR-0710KL"; VariantName = "[No Variations]"
Change component parameters (AddParameter): Name = "Supplier"; Value = "Terraelectronica"; VariantName = "[No Variations]"
Change component parameters (AddParameter): Name = "Unit Price"; Value = "0.1"; VariantName = "[No Variations]"
Change component parameters (AddParameter): Name = "WebLink"; Value = "https://www.terraelectronica.ru/product/358779"; VariantName = "[No Variations]"
Change component parameters: Designator = "R9"; Footprint = "RES0402"; UniqueID = "\FYKJXIIL\JIRKVYFX"
Change component parameters. Clean all parameters for all variants
Change component parameters (AddParameter): Name = "Manufacturer"; Value = "Yageo"; VariantName = "[No Variations]"
Change component parameters (AddParameter): Name = "PartNumber"; Value = "RC0402FR-0710KL"; VariantName = "[No Variations]"
Change component parameters (AddParameter): Name = "Supplier"; Value = "Terraelectronica"; VariantName = "[No Variations]"
Change component parameters (AddParameter): Name = "Unit Price"; Value = "0.1"; VariantName = "[No Variations]"
Change component parameters (AddParameter): Name = "WebLink"; Value = "https://www.terraelectronica.ru/product/358779"; VariantName = "[No Variations]"
Change component parameters: Designator = "R10"; Footprint = "RES0402"; UniqueID = "\FYKJXIIL\TBPVXVCW"
Change component parameters. Clean all parameters for all variants
Change component parameters (AddParameter): Name = "Manufacturer"; Value = "Yageo"; VariantName = "[No Variations]"
Change component parameters (AddParameter): Name = "PartNumber"; Value = "RC0402FR-0710KL"; VariantName = "[No Variations]"
Change component parameters (AddParameter): Name = "Supplier"; Value = "Terraelectronica"; VariantName = "[No Variations]"
Change component parameters (AddParameter): Name = "Unit Price"; Value = "0.1"; VariantName = "[No Variations]"
Change component parameters (AddParameter): Name = "WebLink"; Value = "https://www.terraelectronica.ru/product/358779"; VariantName = "[No Variations]"
Change component parameters: Designator = "R11"; Footprint = "RES0402"; UniqueID = "\FYKJXIIL\EPXBSRBK"
Change component parameters. Clean all parameters for all variants
Change component parameters (AddParameter): Name = "Manufacturer"; Value = "Yageo"; VariantName = "[No Variations]"
Change component parameters (AddParameter): Name = "PartNumber"; Value = "RC0402FR-0710KL"; VariantName = "[No Variations]"
Change component parameters (AddParameter): Name = "Supplier"; Value = "Terraelectronica"; VariantName = "[No Variations]"
Change component parameters (AddParameter): Name = "Unit Price"; Value = "0.1"; VariantName = "[No Variations]"
Change component parameters (AddParameter): Name = "WebLink"; Value = "https://www.terraelectronica.ru/product/358779"; VariantName = "[No Variations]"
Change component parameters: Designator = "R12"; Footprint = "RES0402"; UniqueID = "\FYKJXIIL\XHVHQBHC"
Change component parameters. Clean all parameters for all variants
Change component parameters (AddParameter): Name = "Manufacturer"; Value = "Yageo"; VariantName = "[No Variations]"
Change component parameters (AddParameter): Name = "PartNumber"; Value = "RC0402FR-0710KL"; VariantName = "[No Variations]"
Change component parameters (AddParameter): Name = "Supplier"; Value = "Terraelectronica"; VariantName = "[No Variations]"
Change component parameters (AddParameter): Name = "Unit Price"; Value = "0.1"; VariantName = "[No Variations]"
Change component parameters (AddParameter): Name = "WebLink"; Value = "https://www.terraelectronica.ru/product/358779"; VariantName = "[No Variations]"
Change component parameters: Designator = "R13"; Footprint = "RES0402"; UniqueID = "\FYKJXIIL\BTBWMBPK"
Change component parameters. Clean all parameters for all variants
Change component parameters (AddParameter): Name = "Manufacturer"; Value = "Yageo"; VariantName = "[No Variations]"
Change component parameters (AddParameter): Name = "PartNumber"; Value = "RC0402FR-0710KL"; VariantName = "[No Variations]"
Change component parameters (AddParameter): Name = "Supplier"; Value = "Terraelectronica"; VariantName = "[No Variations]"
Change component parameters (AddParameter): Name = "Unit Price"; Value = "0.1"; VariantName = "[No Variations]"
Change component parameters (AddParameter): Name = "WebLink"; Value = "https://www.terraelectronica.ru/product/358779"; VariantName = "[No Variations]"
Change component parameters: Designator = "R14"; Footprint = "RES0402"; UniqueID = "\FYKJXIIL\PLYVBPWP"
Change component parameters. Clean all parameters for all variants
Change component parameters (AddParameter): Name = "Manufacturer"; Value = "Yageo"; VariantName = "[No Variations]"
Change component parameters (AddParameter): Name = "PartNumber"; Value = "RC0402FR-0710KL"; VariantName = "[No Variations]"
Change component parameters (AddParameter): Name = "Supplier"; Value = "Terraelectronica"; VariantName = "[No Variations]"
Change component parameters (AddParameter): Name = "Unit Price"; Value = "0.1"; VariantName = "[No Variations]"
Change component parameters (AddParameter): Name = "WebLink"; Value = "https://www.terraelectronica.ru/product/358779"; VariantName = "[No Variations]"
Change component parameters: Designator = "R15"; Footprint = "RES0402"; UniqueID = "\FYKJXIIL\LHMLGSAM"
Change component parameters. Clean all parameters for all variants
Change component parameters (AddParameter): Name = "Manufacturer"; Value = "Yageo"; VariantName = "[No Variations]"
Change component parameters (AddParameter): Name = "PartNumber"; Value = "RC0402FR-0710KL"; VariantName = "[No Variations]"
Change component parameters (AddParameter): Name = "Supplier"; Value = "Terraelectronica"; VariantName = "[No Variations]"
Change component parameters (AddParameter): Name = "Unit Price"; Value = "0.1"; VariantName = "[No Variations]"
Change component parameters (AddParameter): Name = "WebLink"; Value = "https://www.terraelectronica.ru/product/358779"; VariantName = "[No Variations]"
Change component parameters: Designator = "R16"; Footprint = "RES0402"; UniqueID = "\FYKJXIIL\MNMSYXRH"
Change component parameters. Clean all parameters for all variants
Change component parameters (AddParameter): Name = "Manufacturer"; Value = "Yageo"; VariantName = "[No Variations]"
Change component parameters (AddParameter): Name = "PartNumber"; Value = "RC0402FR-0710KL"; VariantName = "[No Variations]"
Change component parameters (AddParameter): Name = "Supplier"; Value = "Terraelectronica"; VariantName = "[No Variations]"
Change component parameters (AddParameter): Name = "Unit Price"; Value = "0.1"; VariantName = "[No Variations]"
Change component parameters (AddParameter): Name = "WebLink"; Value = "https://www.terraelectronica.ru/product/358779"; VariantName = "[No Variations]"
Change component parameters: Designator = "R17"; Footprint = "RES0402"; UniqueID = "\FYKJXIIL\KQHURAML"
Change component parameters. Clean all parameters for all variants
Change component parameters (AddParameter): Name = "Manufacturer"; Value = "Yageo"; VariantName = "[No Variations]"
Change component parameters (AddParameter): Name = "PartNumber"; Value = "RC0402FR-0710KL"; VariantName = "[No Variations]"
Change component parameters (AddParameter): Name = "Supplier"; Value = "Terraelectronica"; VariantName = "[No Variations]"
Change component parameters (AddParameter): Name = "Unit Price"; Value = "0.1"; VariantName = "[No Variations]"
Change component parameters (AddParameter): Name = "WebLink"; Value = "https://www.terraelectronica.ru/product/358779"; VariantName = "[No Variations]"
Change component parameters: Designator = "R18"; Footprint = "RES0402"; UniqueID = "\FYKJXIIL\RMOWGIYI"
Change component parameters. Clean all parameters for all variants
Change component parameters (AddParameter): Name = "Manufacturer"; Value = "Yageo"; VariantName = "[No Variations]"
Change component parameters (AddParameter): Name = "PartNumber"; Value = "RC0402FR-0710KL"; VariantName = "[No Variations]"
Change component parameters (AddParameter): Name = "Supplier"; Value = "Terraelectronica"; VariantName = "[No Variations]"
Change component parameters (AddParameter): Name = "Unit Price"; Value = "0.1"; VariantName = "[No Variations]"
Change component parameters (AddParameter): Name = "WebLink"; Value = "https://www.terraelectronica.ru/product/358779"; VariantName = "[No Variations]"
Change component parameters: Designator = "DA1"; Footprint = "TSSOP-14"; UniqueID = "\FYKJXIIL\RTWJIYLE"
Change component parameters. Clean all parameters for all variants
Change component parameters (AddParameter): Name = "Manufacturer"; Value = "Texas Instruments"; VariantName = "[No Variations]"
Change component parameters (AddParameter): Name = "PartNumber"; Value = "OPA4376AIPW"; VariantName = "[No Variations]"
Change component parameters (AddParameter): Name = "Supplier"; Value = ""; VariantName = "[No Variations]"
Change component parameters (AddParameter): Name = "Unit Price"; Value = ""; VariantName = "[No Variations]"
Change component parameters (AddParameter): Name = "WebLink"; Value = "https://www.terraelectronica.ru/product/349931"; VariantName = "[No Variations]"
Change component parameters: Designator = "DA2"; Footprint = "TSSOP-14"; UniqueID = "\FYKJXIIL\FPXWGURE"
Change component parameters. Clean all parameters for all variants
Change component parameters (AddParameter): Name = "Manufacturer"; Value = "Texas Instruments"; VariantName = "[No Variations]"
Change component parameters (AddParameter): Name = "PartNumber"; Value = "OPA4376AIPW"; VariantName = "[No Variations]"
Change component parameters (AddParameter): Name = "Supplier"; Value = ""; VariantName = "[No Variations]"
Change component parameters (AddParameter): Name = "Unit Price"; Value = ""; VariantName = "[No Variations]"
Change component parameters (AddParameter): Name = "WebLink"; Value = "https://www.terraelectronica.ru/product/349931"; VariantName = "[No Variations]"
Change component parameters: Designator = "R25"; Footprint = "RES0402"; UniqueID = "\ATFQRTBW\JGGNJMNF"
Change component parameters. Clean all parameters for all variants
Change component parameters (AddParameter): Name = "Manufacturer"; Value = "Yageo"; VariantName = "[No Variations]"
Change component parameters (AddParameter): Name = "PartNumber"; Value = "RC0402FR-070RL"; VariantName = "[No Variations]"
Change component parameters (AddParameter): Name = "Supplier"; Value = "Terraelectronica"; VariantName = "[No Variations]"
Change component parameters (AddParameter): Name = "Unit Price"; Value = "0.1"; VariantName = "[No Variations]"
Change component parameters (AddParameter): Name = "WebLink"; Value = "https://www.terraelectronica.ru/product/1029619"; VariantName = "[No Variations]"
Change component parameters: Designator = "XS1"; Footprint = "KEYSTONE AA CLIPS"; UniqueID = "\XNCSNCDD"
Change component parameters. Clean all parameters for all variants
Change component parameters (AddParameter): Name = "Manufacturer"; Value = "Keystone"; VariantName = "[No Variations]"
Change component parameters (AddParameter): Name = "PartNumber"; Value = "92"; VariantName = "[No Variations]"
Change component parameters (AddParameter): Name = "Supplier"; Value = ""; VariantName = "[No Variations]"
Change component parameters (AddParameter): Name = "Unit Price"; Value = ""; VariantName = "[No Variations]"
Change component parameters (AddParameter): Name = "WebLink"; Value = "https://www.keyelco.com/category.cfm/Cylindrical-Cell-Clips-THM-and-SMT/AA-CR2-Battery-Clips-and-Contacts/id/945"; VariantName = "[No Variations]"
Change component parameters: Designator = "XS2"; Footprint = "KEYSTONE AA CLIPS"; UniqueID = "\IXGXNFTS"
Change component parameters. Clean all parameters for all variants
Change component parameters (AddParameter): Name = "Manufacturer"; Value = "Keystone"; VariantName = "[No Variations]"
Change component parameters (AddParameter): Name = "PartNumber"; Value = "92"; VariantName = "[No Variations]"
Change component parameters (AddParameter): Name = "Supplier"; Value = ""; VariantName = "[No Variations]"
Change component parameters (AddParameter): Name = "Unit Price"; Value = ""; VariantName = "[No Variations]"
Change component parameters (AddParameter): Name = "WebLink"; Value = "https://www.keyelco.com/category.cfm/Cylindrical-Cell-Clips-THM-and-SMT/AA-CR2-Battery-Clips-and-Contacts/id/945"; VariantName = "[No Variations]"
Change component parameters: Designator = "SA1"; Footprint = "MSK-12D19 SPDT"; UniqueID = "\OBOQGIXA"
Change component parameters. Clean all parameters for all variants
Change component parameters (AddParameter): Name = "Manufacturer"; Value = "Shenzhen Intech Electronic"; VariantName = "[No Variations]"
Change component parameters (AddParameter): Name = "PartNumber"; Value = "MSK-12D19"; VariantName = "[No Variations]"
Change component parameters (AddParameter): Name = "Supplier"; Value = ""; VariantName = "[No Variations]"
Change component parameters (AddParameter): Name = "Unit Price"; Value = "20"; VariantName = "[No Variations]"
Change component parameters (AddParameter): Name = "WebLink"; Value = "http://www.intechswitch.com/products/SideKnobToggleslideswitchseries/641.html"; VariantName = "[No Variations]"
Change component parameters: Designator = "C1"; Footprint = "CAP0402"; UniqueID = "\FYKJXIIL\OWAUYDIE"
Change component parameters. Clean all parameters for all variants
Change component parameters (AddParameter): Name = "Manufacturer"; Value = "Yageo"; VariantName = "[No Variations]"
Change component parameters (AddParameter): Name = "PartNumber"; Value = "CC0402ZRY5V7BB104"; VariantName = "[No Variations]"
Change component parameters (AddParameter): Name = "Supplier"; Value = "Terraelectronica"; VariantName = "[No Variations]"
Change component parameters (AddParameter): Name = "Unit Price"; Value = "0.22"; VariantName = "[No Variations]"
Change component parameters (AddParameter): Name = "WebLink"; Value = "https://www.terraelectronica.ru/product/543093"; VariantName = "[No Variations]"
Change component parameters: Designator = "C2"; Footprint = "CAP0402"; UniqueID = "\FYKJXIIL\EXGCWKKN"
Change component parameters. Clean all parameters for all variants
Change component parameters (AddParameter): Name = "Manufacturer"; Value = "Yageo"; VariantName = "[No Variations]"
Change component parameters (AddParameter): Name = "PartNumber"; Value = "CC0402ZRY5V7BB104"; VariantName = "[No Variations]"
Change component parameters (AddParameter): Name = "Supplier"; Value = "Terraelectronica"; VariantName = "[No Variations]"
Change component parameters (AddParameter): Name = "Unit Price"; Value = "0.22"; VariantName = "[No Variations]"
Change component parameters (AddParameter): Name = "WebLink"; Value = "https://www.terraelectronica.ru/product/543093"; VariantName = "[No Variations]"
Change component parameters: Designator = "C3"; Footprint = "CAP0402"; UniqueID = "\FYKJXIIL\GSDUDXQQ"
Change component parameters. Clean all parameters for all variants
Change component parameters (AddParameter): Name = "Manufacturer"; Value = "Yageo"; VariantName = "[No Variations]"
Change component parameters (AddParameter): Name = "PartNumber"; Value = "CC0402ZRY5V7BB104"; VariantName = "[No Variations]"
Change component parameters (AddParameter): Name = "Supplier"; Value = "Terraelectronica"; VariantName = "[No Variations]"
Change component parameters (AddParameter): Name = "Unit Price"; Value = "0.22"; VariantName = "[No Variations]"
Change component parameters (AddParameter): Name = "WebLink"; Value = "https://www.terraelectronica.ru/product/543093"; VariantName = "[No Variations]"
Change component parameters: Designator = "C4"; Footprint = "CAP0402"; UniqueID = "\FYKJXIIL\RURKKOMK"
Change component parameters. Clean all parameters for all variants
Change component parameters (AddParameter): Name = "Manufacturer"; Value = "Yageo"; VariantName = "[No Variations]"
Change component parameters (AddParameter): Name = "PartNumber"; Value = "CC0402ZRY5V7BB104"; VariantName = "[No Variations]"
Change component parameters (AddParameter): Name = "Supplier"; Value = "Terraelectronica"; VariantName = "[No Variations]"
Change component parameters (AddParameter): Name = "Unit Price"; Value = "0.22"; VariantName = "[No Variations]"
Change component parameters (AddParameter): Name = "WebLink"; Value = "https://www.terraelectronica.ru/product/543093"; VariantName = "[No Variations]"
Change component parameters: Designator = "C6"; Footprint = "CAP0402"; UniqueID = "\ATFQRTBW\OSUBPPIE"
Change component parameters. Clean all parameters for all variants
Change component parameters (AddParameter): Name = "Manufacturer"; Value = "Yageo"; VariantName = "[No Variations]"
Change component parameters (AddParameter): Name = "PartNumber"; Value = "CC0402ZRY5V7BB104"; VariantName = "[No Variations]"
Change component parameters (AddParameter): Name = "Supplier"; Value = "Terraelectronica"; VariantName = "[No Variations]"
Change component parameters (AddParameter): Name = "Unit Price"; Value = "0.22"; VariantName = "[No Variations]"
Change component parameters (AddParameter): Name = "WebLink"; Value = "https://www.terraelectronica.ru/product/543093"; VariantName = "[No Variations]"
Change component parameters: Designator = "C8"; Footprint = "CAP0402"; UniqueID = "\ATFQRTBW\IHXBECXI"
Change component parameters. Clean all parameters for all variants
Change component parameters (AddParameter): Name = "Manufacturer"; Value = "Yageo"; VariantName = "[No Variations]"
Change component parameters (AddParameter): Name = "PartNumber"; Value = "CC0402ZRY5V7BB104"; VariantName = "[No Variations]"
Change component parameters (AddParameter): Name = "Supplier"; Value = "Terraelectronica"; VariantName = "[No Variations]"
Change component parameters (AddParameter): Name = "Unit Price"; Value = "0.22"; VariantName = "[No Variations]"
Change component parameters (AddParameter): Name = "WebLink"; Value = "https://www.terraelectronica.ru/product/543093"; VariantName = "[No Variations]"
Change component parameters: Designator = "C10"; Footprint = "CAP0402"; UniqueID = "\ATFQRTBW\HNWCSSAP"
Change component parameters. Clean all parameters for all variants
Change component parameters (AddParameter): Name = "Manufacturer"; Value = "Yageo"; VariantName = "[No Variations]"
Change component parameters (AddParameter): Name = "PartNumber"; Value = "CC0402ZRY5V7BB104"; VariantName = "[No Variations]"
Change component parameters (AddParameter): Name = "Supplier"; Value = "Terraelectronica"; VariantName = "[No Variations]"
Change component parameters (AddParameter): Name = "Unit Price"; Value = "0.22"; VariantName = "[No Variations]"
Change component parameters (AddParameter): Name = "WebLink"; Value = "https://www.terraelectronica.ru/product/543093"; VariantName = "[No Variations]"
Change component parameters: Designator = "C12"; Footprint = "CAP0402"; UniqueID = "\ATFQRTBW\AJKHLMKX"
Change component parameters. Clean all parameters for all variants
Change component parameters (AddParameter): Name = "Manufacturer"; Value = "Yageo"; VariantName = "[No Variations]"
Change component parameters (AddParameter): Name = "PartNumber"; Value = "CC0402ZRY5V7BB104"; VariantName = "[No Variations]"
Change component parameters (AddParameter): Name = "Supplier"; Value = "Terraelectronica"; VariantName = "[No Variations]"
Change component parameters (AddParameter): Name = "Unit Price"; Value = "0.22"; VariantName = "[No Variations]"
Change component parameters (AddParameter): Name = "WebLink"; Value = "https://www.terraelectronica.ru/product/543093"; VariantName = "[No Variations]"
Change component parameters: Designator = "C14"; Footprint = "CapSMDA"; UniqueID = "\ATFQRTBW\PYYDXWPO"
Change component parameters. Clean all parameters for all variants
Change component parameters (AddParameter): Name = "Manufacturer"; Value = "Kemet"; VariantName = "[No Variations]"
Change component parameters (AddParameter): Name = "PartNumber"; Value = "T491A106K010AT"; VariantName = "[No Variations]"
Change component parameters (AddParameter): Name = "Supplier"; Value = "Terraelectronica"; VariantName = "[No Variations]"
Change component parameters (AddParameter): Name = "Unit Price"; Value = "5"; VariantName = "[No Variations]"
Change component parameters (AddParameter): Name = "WebLink"; Value = "https://www.terraelectronica.ru/product/556976"; VariantName = "[No Variations]"
Change component parameters: Designator = "C17"; Footprint = "CAP0402"; UniqueID = "\ATFQRTBW\DAOFJPPN"
Change component parameters. Clean all parameters for all variants
Change component parameters (AddParameter): Name = "Manufacturer"; Value = "Yageo"; VariantName = "[No Variations]"
Change component parameters (AddParameter): Name = "PartNumber"; Value = "CC0402ZRY5V7BB104"; VariantName = "[No Variations]"
Change component parameters (AddParameter): Name = "Supplier"; Value = "Terraelectronica"; VariantName = "[No Variations]"
Change component parameters (AddParameter): Name = "Unit Price"; Value = "0.22"; VariantName = "[No Variations]"
Change component parameters (AddParameter): Name = "WebLink"; Value = "https://www.terraelectronica.ru/product/543093"; VariantName = "[No Variations]"
Change component parameters: Designator = "C18"; Footprint = "CAP0402"; UniqueID = "\ATFQRTBW\DGNNCGWU"
Change component parameters. Clean all parameters for all variants
Change component parameters (AddParameter): Name = "Manufacturer"; Value = "Yageo"; VariantName = "[No Variations]"
Change component parameters (AddParameter): Name = "PartNumber"; Value = "CC0402ZRY5V7BB104"; VariantName = "[No Variations]"
Change component parameters (AddParameter): Name = "Supplier"; Value = "Terraelectronica"; VariantName = "[No Variations]"
Change component parameters (AddParameter): Name = "Unit Price"; Value = "0.22"; VariantName = "[No Variations]"
Change component parameters (AddParameter): Name = "WebLink"; Value = "https://www.terraelectronica.ru/product/543093"; VariantName = "[No Variations]"
Change component parameters: Designator = "C21"; Footprint = "CAP0805"; UniqueID = "\AUCYEKCC"
Change component parameters. Clean all parameters for all variants
Change component parameters (AddParameter): Name = "Manufacturer"; Value = "Samsung"; VariantName = "[No Variations]"
Change component parameters (AddParameter): Name = "PartNumber"; Value = "CL21A106KPFNNNG"; VariantName = "[No Variations]"
Change component parameters (AddParameter): Name = "Supplier"; Value = "Terraelectronica"; VariantName = "[No Variations]"
Change component parameters (AddParameter): Name = "Unit Price"; Value = "1.2"; VariantName = "[No Variations]"
Change component parameters (AddParameter): Name = "WebLink"; Value = "https://www.terraelectronica.ru/product/984943"; VariantName = "[No Variations]"
Change component parameters: Designator = "C23"; Footprint = "CAP0805"; UniqueID = "\NYEQILEO"
Change component parameters. Clean all parameters for all variants
Change component parameters (AddParameter): Name = "Manufacturer"; Value = "Samsung"; VariantName = "[No Variations]"
Change component parameters (AddParameter): Name = "PartNumber"; Value = "CL21A106KPFNNNG"; VariantName = "[No Variations]"
Change component parameters (AddParameter): Name = "Supplier"; Value = "Terraelectronica"; VariantName = "[No Variations]"
Change component parameters (AddParameter): Name = "Unit Price"; Value = "1.2"; VariantName = "[No Variations]"
Change component parameters (AddParameter): Name = "WebLink"; Value = "https://www.terraelectronica.ru/product/984943"; VariantName = "[No Variations]"
Change component parameters: Designator = "C24"; Footprint = "CAP0402"; UniqueID = "\XPLSXGHH"
Change component parameters. Clean all parameters for all variants
Change component parameters (AddParameter): Name = "Manufacturer"; Value = "Yageo"; VariantName = "[No Variations]"
Change component parameters (AddParameter): Name = "PartNumber"; Value = "CC0402ZRY5V7BB104"; VariantName = "[No Variations]"
Change component parameters (AddParameter): Name = "Supplier"; Value = "Terraelectronica"; VariantName = "[No Variations]"
Change component parameters (AddParameter): Name = "Unit Price"; Value = "0.22"; VariantName = "[No Variations]"
Change component parameters (AddParameter): Name = "WebLink"; Value = "https://www.terraelectronica.ru/product/543093"; VariantName = "[No Variations]"
Change component parameters: Designator = "C25"; Footprint = "CAP0402"; UniqueID = "\GCDRGNPX"
Change component parameters. Clean all parameters for all variants
Change component parameters (AddParameter): Name = "Manufacturer"; Value = "Yageo"; VariantName = "[No Variations]"
Change component parameters (AddParameter): Name = "PartNumber"; Value = "CC0402ZRY5V7BB104"; VariantName = "[No Variations]"
Change component parameters (AddParameter): Name = "Supplier"; Value = "Terraelectronica"; VariantName = "[No Variations]"
Change component parameters (AddParameter): Name = "Unit Price"; Value = "0.22"; VariantName = "[No Variations]"
Change component parameters (AddParameter): Name = "WebLink"; Value = "https://www.terraelectronica.ru/product/543093"; VariantName = "[No Variations]"
Change component parameters: Designator = "C26"; Footprint = "CapSMDA"; UniqueID = "\RNNAKJQL"
Change component parameters. Clean all parameters for all variants
Change component parameters (AddParameter): Name = "Manufacturer"; Value = "Kemet"; VariantName = "[No Variations]"
Change component parameters (AddParameter): Name = "PartNumber"; Value = "T491A106K010AT"; VariantName = "[No Variations]"
Change component parameters (AddParameter): Name = "Supplier"; Value = "Terraelectronica"; VariantName = "[No Variations]"
Change component parameters (AddParameter): Name = "Unit Price"; Value = "5"; VariantName = "[No Variations]"
Change component parameters (AddParameter): Name = "WebLink"; Value = "https://www.terraelectronica.ru/product/556976"; VariantName = "[No Variations]"
Change component parameters: Designator = "C27"; Footprint = "CAP0805"; UniqueID = "\GFJEIIAN"
Change component parameters. Clean all parameters for all variants
Change component parameters (AddParameter): Name = "Manufacturer"; Value = "Samsung"; VariantName = "[No Variations]"
Change component parameters (AddParameter): Name = "PartNumber"; Value = "CL21A106KPFNNNG"; VariantName = "[No Variations]"
Change component parameters (AddParameter): Name = "Supplier"; Value = "Terraelectronica"; VariantName = "[No Variations]"
Change component parameters (AddParameter): Name = "Unit Price"; Value = "1.2"; VariantName = "[No Variations]"
Change component parameters (AddParameter): Name = "WebLink"; Value = "https://www.terraelectronica.ru/product/984943"; VariantName = "[No Variations]"
Change component parameters: Designator = "C28"; Footprint = "CAP0402"; UniqueID = "\ENBAMGCN"
Change component parameters. Clean all parameters for all variants
Change component parameters (AddParameter): Name = "Manufacturer"; Value = "Yageo"; VariantName = "[No Variations]"
Change component parameters (AddParameter): Name = "PartNumber"; Value = "CC0402ZRY5V7BB104"; VariantName = "[No Variations]"
Change component parameters (AddParameter): Name = "Supplier"; Value = "Terraelectronica"; VariantName = "[No Variations]"
Change component parameters (AddParameter): Name = "Unit Price"; Value = "0.22"; VariantName = "[No Variations]"
Change component parameters (AddParameter): Name = "WebLink"; Value = "https://www.terraelectronica.ru/product/543093"; VariantName = "[No Variations]"
Change component parameters: Designator = "R26"; Footprint = "RES0402"; UniqueID = "\ATFQRTBW\IHHFLUKT"
Change component parameters. Clean all parameters for all variants
Change component parameters (AddParameter): Name = "Manufacturer"; Value = "Yageo"; VariantName = "[No Variations]"
Change component parameters (AddParameter): Name = "PartNumber"; Value = "RC0402FR-07750KL"; VariantName = "[No Variations]"
Change component parameters (AddParameter): Name = "Supplier"; Value = "Terraelectronica"; VariantName = "[No Variations]"
Change component parameters (AddParameter): Name = "Unit Price"; Value = "0.1"; VariantName = "[No Variations]"
Change component parameters (AddParameter): Name = "WebLink"; Value = "https://www.terraelectronica.ru/product/870851"; VariantName = "[No Variations]"
Change component parameters: Designator = "R27"; Footprint = "RES0402"; UniqueID = "\ATFQRTBW\UCJLDRLC"
Change component parameters. Clean all parameters for all variants
Change component parameters (AddParameter): Name = "Manufacturer"; Value = "Yageo"; VariantName = "[No Variations]"
Change component parameters (AddParameter): Name = "PartNumber"; Value = "RC0402FR-07750KL"; VariantName = "[No Variations]"
Change component parameters (AddParameter): Name = "Supplier"; Value = "Terraelectronica"; VariantName = "[No Variations]"
Change component parameters (AddParameter): Name = "Unit Price"; Value = "0.1"; VariantName = "[No Variations]"
Change component parameters (AddParameter): Name = "WebLink"; Value = "https://www.terraelectronica.ru/product/870851"; VariantName = "[No Variations]"
Change component parameters: Designator = "R29"; Footprint = "RES0402"; UniqueID = "\CFYYGEML"
Change component parameters. Clean all parameters for all variants
Change component parameters (AddParameter): Name = "Manufacturer"; Value = "Yageo"; VariantName = "[No Variations]"
Change component parameters (AddParameter): Name = "PartNumber"; Value = "RC0402FR-07750KL"; VariantName = "[No Variations]"
Change component parameters (AddParameter): Name = "Supplier"; Value = "Terraelectronica"; VariantName = "[No Variations]"
Change component parameters (AddParameter): Name = "Unit Price"; Value = "0.1"; VariantName = "[No Variations]"
Change component parameters (AddParameter): Name = "WebLink"; Value = "https://www.terraelectronica.ru/product/870851"; VariantName = "[No Variations]"
Change component parameters: Designator = "X2"; Footprint = "PBD2-8 2mm"; UniqueID = "\GIMHWLDW"
Change component parameters. Clean all parameters for all variants
Change component parameters (AddParameter): Name = "Manufacturer"; Value = "Ningbo connfly electronic "; VariantName = "[No Variations]"
Change component parameters (AddParameter): Name = "PartNumber"; Value = "DS1026-06-2*4S8BV"; VariantName = "[No Variations]"
Change component parameters (AddParameter): Name = "Supplier"; Value = "Chipdip"; VariantName = "[No Variations]"
Change component parameters (AddParameter): Name = "Unit Price"; Value = "11"; VariantName = "[No Variations]"
Change component parameters (AddParameter): Name = "WebLink"; Value = "https://www.chipdip.ru/product/pbd2-8"; VariantName = "[No Variations]"
Added Component: Designator=C22(CAP0402)
Add component. Clean all parameters for all variants
Add component (AddParameter): Name = "Manufacturer"; Value = "Yageo"; VariantName = "[No Variations]"
Add component (AddParameter): Name = "PartNumber"; Value = "CC0402ZRY5V7BB104"; VariantName = "[No Variations]"
Add component (AddParameter): Name = "Supplier"; Value = "Terraelectronica"; VariantName = "[No Variations]"
Add component (AddParameter): Name = "Unit Price"; Value = "0.22"; VariantName = "[No Variations]"
Add component (AddParameter): Name = "WebLink"; Value = "https://www.terraelectronica.ru/product/543093"; VariantName = "[No Variations]"
Added Pin To Net: NetName=GND Pin=C22-1
Added Pin To Net: NetName=VDD Pin=C22-2
Change Net Name : Old Net Name=NetR28_1 New Net Name=NetR30_1
Change Net Name : Old Net Name=NetR29_2 New Net Name=NetR28_2
Added Member To Class: ClassName=senocore Member=Component C28 100n
