Removed Pin From Net: NetName=TEMP-7 Pin=C5-1
Removed Pin From Net: NetName=GND Pin=C5-2
Removed Pin From Net: NetName=GND Pin=C6-1
Removed Pin From Net: NetName=TEMP-1 Pin=C6-2
Removed Pin From Net: NetName=TEMP-6 Pin=C7-1
Removed Pin From Net: NetName=GND Pin=C7-2
Removed Pin From Net: NetName=GND Pin=C8-1
Removed Pin From Net: NetName=TEMP-2 Pin=C8-2
Removed Pin From Net: NetName=TEMP-5 Pin=C9-1
Removed Pin From Net: NetName=GND Pin=C9-2
Removed Pin From Net: NetName=GND Pin=C10-1
Removed Pin From Net: NetName=TEMP-3 Pin=C10-2
Removed Pin From Net: NetName=TEMP-4 Pin=C11-1
Removed Pin From Net: NetName=GND Pin=C11-2
Removed Pin From Net: NetName=VDD Pin=C25-1
Removed Pin From Net: NetName=RADIO-AVDD Pin=C27-1
Removed Pin From Net: NetName=GND Pin=C27-2
Removed Pin From Net: NetName=RADIO-AVDD Pin=C28-1
Removed Pin From Net: NetName=VBAT Pin=C30-1
Removed Pin From Net: NetName=GND Pin=C30-2
Removed Pin From Net: NetName=VREF_2.048 Pin=C33-1
Removed Pin From Net: NetName=GND Pin=C33-2
Removed Pin From Net: NetName=VDD Pin=L5-1
Removed Pin From Net: NetName=TEMP-7 Pin=R17-1
Removed Pin From Net: NetName=GND Pin=R17-2
Removed Pin From Net: NetName=GND Pin=R18-1
Removed Pin From Net: NetName=TEMP-1 Pin=R18-2
Removed Pin From Net: NetName=TEMP-6 Pin=R19-1
Removed Pin From Net: NetName=GND Pin=R19-2
Removed Pin From Net: NetName=GND Pin=R20-1
Removed Pin From Net: NetName=TEMP-2 Pin=R20-2
Removed Pin From Net: NetName=TEMP-5 Pin=R21-1
Removed Pin From Net: NetName=GND Pin=R21-2
Removed Pin From Net: NetName=GND Pin=R22-1
Removed Pin From Net: NetName=TEMP-3 Pin=R22-2
Removed Pin From Net: NetName=TEMP-4 Pin=R23-1
Removed Pin From Net: NetName=GND Pin=R23-2
Removed Pin From Net: NetName=RADIO-AVDD Pin=R24-1
Removed Pin From Net: NetName=NetDA3_42 Pin=R24-2
Removed Pin From Net: NetName=VDD Pin=R26-1
Removed Pin From Net: NetName=SW-VCC Pin=VT1-3
Removed Member From Class: ClassName=S Member=C5
Removed Member From Class: ClassName=S Member=C6
Removed Member From Class: ClassName=S Member=C7
Removed Member From Class: ClassName=S Member=C8
Removed Member From Class: ClassName=S Member=C9
Removed Member From Class: ClassName=S Member=C10
Removed Member From Class: ClassName=S Member=C11
Removed Member From Class: ClassName=R Member=C23
Removed Member From Class: ClassName=R Member=C27
Removed Member From Class: ClassName=R Member=C28
Removed Member From Class: ClassName=senocore Member=C30
Removed Member From Class: ClassName=senocore Member=C33
Removed Member From Class: ClassName=S Member=R24
Removed Member From Class: ClassName=senocore Member=R34
Change Component Designator: OldDesignator=C12 NewDesignator=C7
Change Component Designator: OldDesignator=C13 NewDesignator=C5
Change Component Designator: OldDesignator=C14 NewDesignator=C19
Change Component Designator: OldDesignator=C15 NewDesignator=C20
Change Component Designator: OldDesignator=C16 NewDesignator=C9
Change Component Designator: OldDesignator=C17 NewDesignator=C11
Change Component Designator: OldDesignator=C18 NewDesignator=C6
Change Component Designator: OldDesignator=C19 NewDesignator=C8
Change Component Designator: OldDesignator=C20 NewDesignator=C10
Change Component Designator: OldDesignator=C21 NewDesignator=C12
Change Component Designator: OldDesignator=C22 NewDesignator=C13
Change Component Designator: OldDesignator=C23 NewDesignator=C15
Change Component Designator: OldDesignator=C24 NewDesignator=C16
Change Component Designator: OldDesignator=C25 NewDesignator=C17
Change Component Designator: OldDesignator=C26 NewDesignator=C18
Change Component Designator: OldDesignator=C29 NewDesignator=C21
Change Component Designator: OldDesignator=C31 NewDesignator=C27
Change Component Designator: OldDesignator=C32 NewDesignator=C22
Change Component Designator: OldDesignator=C34 NewDesignator=C23
Change Component Designator: OldDesignator=DD1 NewDesignator=DD3
Change Component Designator: OldDesignator=DD3 NewDesignator=DD4
Change Component Designator: OldDesignator=DD4 NewDesignator=DD1
Change Component Designator: OldDesignator=L2 NewDesignator=L3
Change Component Designator: OldDesignator=L3 NewDesignator=L4
Change Component Designator: OldDesignator=L4 NewDesignator=L2
Change Component Designator: OldDesignator=R2 NewDesignator=R7
Change Component Designator: OldDesignator=R3 NewDesignator=R16
Change Component Designator: OldDesignator=R4 NewDesignator=R19
Change Component Designator: OldDesignator=R5 NewDesignator=R2
Change Component Designator: OldDesignator=R6 NewDesignator=R8
Change Component Designator: OldDesignator=R7 NewDesignator=R17
Change Component Designator: OldDesignator=R8 NewDesignator=R20
Change Component Designator: OldDesignator=R9 NewDesignator=R22
Change Component Designator: OldDesignator=R10 NewDesignator=R23
Change Component Designator: OldDesignator=R11 NewDesignator=R3
Change Component Designator: OldDesignator=R12 NewDesignator=R9
Change Component Designator: OldDesignator=R13 NewDesignator=R4
Change Component Designator: OldDesignator=R14 NewDesignator=R10
Change Component Designator: OldDesignator=R15 NewDesignator=R18
Change Component Designator: OldDesignator=R16 NewDesignator=R21
Change Component Designator: OldDesignator=R25 NewDesignator=R24
Change Component Designator: OldDesignator=R27 NewDesignator=R32
Change Component Designator: OldDesignator=R28 NewDesignator=R35
Change Component Designator: OldDesignator=R29 NewDesignator=R36
Change Component Designator: OldDesignator=R30 NewDesignator=R29
Change Component Designator: OldDesignator=R31 NewDesignator=R37
Change Component Designator: OldDesignator=R32 NewDesignator=R34
Change Component Designator: OldDesignator=R33 NewDesignator=R31
Change Component Designator: OldDesignator=R34 NewDesignator=R33
Change Component Designator: OldDesignator=R35 NewDesignator=R30
Change component parameters: Designator = "R26"; Footprint = "RES0402"; UniqueID = "\ATFQRTBW\ARIFCUDQ"
Change component parameters. Clean all parameters for all variants
Change component parameters (AddParameter): Name = "PartNumber"; Value = ""; VariantName = "[No Variations]"
Change component parameters (AddParameter): Name = "Supplier"; Value = ""; VariantName = "[No Variations]"
Change component parameters (AddParameter): Name = "Unit Price"; Value = ""; VariantName = "[No Variations]"
Change component parameters (AddParameter): Name = "WebLink"; Value = ""; VariantName = "[No Variations]"
Change component parameters: Designator = "VT1"; Footprint = "SOT-23-3"; UniqueID = "\NBDPCPUY"
Change component parameters. Clean all parameters for all variants
Change component parameters (AddParameter): Name = "PartNumber"; Value = "IRLML5103TRPBF"; VariantName = "[No Variations]"
Change component parameters (AddParameter): Name = "Supplier"; Value = "Chipidipc"; VariantName = "[No Variations]"
Change component parameters (AddParameter): Name = "Unit Price"; Value = "9"; VariantName = "[No Variations]"
Change component parameters (AddParameter): Name = "WebLink"; Value = "https://www.chipdip.ru/product/irlml5103tr"; VariantName = "[No Variations]"
Added Component: Designator=C14(CapSMDA)
Add component. Clean all parameters for all variants
Add component (AddParameter): Name = "PartNumber"; Value = ""; VariantName = "[No Variations]"
Add component (AddParameter): Name = "Supplier"; Value = ""; VariantName = "[No Variations]"
Add component (AddParameter): Name = "Unit Price"; Value = ""; VariantName = "[No Variations]"
Add component (AddParameter): Name = "WebLink"; Value = ""; VariantName = "[No Variations]"
Added Component: Designator=C24(CAP0402)
Add component. Clean all parameters for all variants
Add component (AddParameter): Name = "PartNumber"; Value = ""; VariantName = "[No Variations]"
Add component (AddParameter): Name = "Supplier"; Value = ""; VariantName = "[No Variations]"
Add component (AddParameter): Name = "Unit Price"; Value = ""; VariantName = "[No Variations]"
Add component (AddParameter): Name = "WebLink"; Value = ""; VariantName = "[No Variations]"
Added Component: Designator=C25(CapSMDA)
Add component. Clean all parameters for all variants
Add component (AddParameter): Name = "PartNumber"; Value = ""; VariantName = "[No Variations]"
Add component (AddParameter): Name = "Supplier"; Value = ""; VariantName = "[No Variations]"
Add component (AddParameter): Name = "Unit Price"; Value = ""; VariantName = "[No Variations]"
Add component (AddParameter): Name = "WebLink"; Value = ""; VariantName = "[No Variations]"
Added Component: Designator=C26(CAP0805)
Add component. Clean all parameters for all variants
Add component (AddParameter): Name = "PartNumber"; Value = ""; VariantName = "[No Variations]"
Add component (AddParameter): Name = "Supplier"; Value = ""; VariantName = "[No Variations]"
Add component (AddParameter): Name = "Unit Price"; Value = ""; VariantName = "[No Variations]"
Add component (AddParameter): Name = "WebLink"; Value = ""; VariantName = "[No Variations]"
Added Component: Designator=R5(RES0402)
Add component. Clean all parameters for all variants
Add component (AddParameter): Name = "PartNumber"; Value = "RC0402FR-0710KL"; VariantName = "[No Variations]"
Add component (AddParameter): Name = "Supplier"; Value = "Terraelectronica"; VariantName = "[No Variations]"
Add component (AddParameter): Name = "Unit Price"; Value = "0.1"; VariantName = "[No Variations]"
Add component (AddParameter): Name = "WebLink"; Value = "tps://www.terraelectronica.ru/product/358779"; VariantName = "[No Variations]"
Added Component: Designator=R6(RES0402)
Add component. Clean all parameters for all variants
Add component (AddParameter): Name = "PartNumber"; Value = "RC0402FR-0710KL"; VariantName = "[No Variations]"
Add component (AddParameter): Name = "Supplier"; Value = "Terraelectronica"; VariantName = "[No Variations]"
Add component (AddParameter): Name = "Unit Price"; Value = "0.1"; VariantName = "[No Variations]"
Add component (AddParameter): Name = "WebLink"; Value = "tps://www.terraelectronica.ru/product/358779"; VariantName = "[No Variations]"
Added Component: Designator=R11(RES0402)
Add component. Clean all parameters for all variants
Add component (AddParameter): Name = "PartNumber"; Value = "RC0402FR-0710KL"; VariantName = "[No Variations]"
Add component (AddParameter): Name = "Supplier"; Value = "Terraelectronica"; VariantName = "[No Variations]"
Add component (AddParameter): Name = "Unit Price"; Value = "0.1"; VariantName = "[No Variations]"
Add component (AddParameter): Name = "WebLink"; Value = "tps://www.terraelectronica.ru/product/358779"; VariantName = "[No Variations]"
Added Component: Designator=R12(RES0402)
Add component. Clean all parameters for all variants
Add component (AddParameter): Name = "PartNumber"; Value = "RC0402FR-0710KL"; VariantName = "[No Variations]"
Add component (AddParameter): Name = "Supplier"; Value = "Terraelectronica"; VariantName = "[No Variations]"
Add component (AddParameter): Name = "Unit Price"; Value = "0.1"; VariantName = "[No Variations]"
Add component (AddParameter): Name = "WebLink"; Value = "tps://www.terraelectronica.ru/product/358779"; VariantName = "[No Variations]"
Added Component: Designator=R13(RES0402)
Add component. Clean all parameters for all variants
Add component (AddParameter): Name = "PartNumber"; Value = "RC0402FR-0710KL"; VariantName = "[No Variations]"
Add component (AddParameter): Name = "Supplier"; Value = "Terraelectronica"; VariantName = "[No Variations]"
Add component (AddParameter): Name = "Unit Price"; Value = "0.1"; VariantName = "[No Variations]"
Add component (AddParameter): Name = "WebLink"; Value = "tps://www.terraelectronica.ru/product/358779"; VariantName = "[No Variations]"
Added Component: Designator=R14(RES0402)
Add component. Clean all parameters for all variants
Add component (AddParameter): Name = "PartNumber"; Value = "RC0402FR-0710KL"; VariantName = "[No Variations]"
Add component (AddParameter): Name = "Supplier"; Value = "Terraelectronica"; VariantName = "[No Variations]"
Add component (AddParameter): Name = "Unit Price"; Value = "0.1"; VariantName = "[No Variations]"
Add component (AddParameter): Name = "WebLink"; Value = "tps://www.terraelectronica.ru/product/358779"; VariantName = "[No Variations]"
Added Component: Designator=R15(RES0402)
Add component. Clean all parameters for all variants
Add component (AddParameter): Name = "PartNumber"; Value = "RC0402FR-0710KL"; VariantName = "[No Variations]"
Add component (AddParameter): Name = "Supplier"; Value = "Terraelectronica"; VariantName = "[No Variations]"
Add component (AddParameter): Name = "Unit Price"; Value = "0.1"; VariantName = "[No Variations]"
Add component (AddParameter): Name = "WebLink"; Value = "tps://www.terraelectronica.ru/product/358779"; VariantName = "[No Variations]"
Added Component: Designator=R25(RES0402)
Add component. Clean all parameters for all variants
Add component (AddParameter): Name = "PartNumber"; Value = "RC0402FR-071RL"; VariantName = "[No Variations]"
Add component (AddParameter): Name = "Supplier"; Value = "Terraelectronica"; VariantName = "[No Variations]"
Add component (AddParameter): Name = "Unit Price"; Value = "0.1"; VariantName = "[No Variations]"
Add component (AddParameter): Name = "WebLink"; Value = "https://www.terraelectronica.ru/product/870639"; VariantName = "[No Variations]"
Added Component: Designator=R27(RES0402)
Add component. Clean all parameters for all variants
Add component (AddParameter): Name = "PartNumber"; Value = ""; VariantName = "[No Variations]"
Add component (AddParameter): Name = "Supplier"; Value = ""; VariantName = "[No Variations]"
Add component (AddParameter): Name = "Unit Price"; Value = ""; VariantName = "[No Variations]"
Add component (AddParameter): Name = "WebLink"; Value = ""; VariantName = "[No Variations]"
Added Component: Designator=R28(RES0402)
Add component. Clean all parameters for all variants
Add component (AddParameter): Name = "PartNumber"; Value = "RC0402FR-071RL"; VariantName = "[No Variations]"
Add component (AddParameter): Name = "Supplier"; Value = "Terraelectronica"; VariantName = "[No Variations]"
Add component (AddParameter): Name = "Unit Price"; Value = "0.1"; VariantName = "[No Variations]"
Add component (AddParameter): Name = "WebLink"; Value = "https://www.terraelectronica.ru/product/870639"; VariantName = "[No Variations]"
Added Pin To Net: NetName=RADIO-AVDD Pin=C14-1
Added Pin To Net: NetName=GND Pin=C14-2
Added Pin To Net: NetName=VBAT Pin=C17-1
Added Pin To Net: NetName=VREF_2.048 Pin=C24-1
Added Pin To Net: NetName=GND Pin=C24-2
Added Pin To Net: NetName=VDD Pin=C25-1
Added Pin To Net: NetName=GND Pin=C25-2
Added Pin To Net: NetName=VBAT Pin=C26-1
Added Pin To Net: NetName=GND Pin=C26-2
Added Pin To Net: NetName=VDD Pin=C28-1
Added Pin To Net: NetName=VBAT Pin=L5-1
Added Pin To Net: NetName=TEMP-7 Pin=R5-1
Added Pin To Net: NetName=GND Pin=R5-2
Added Pin To Net: NetName=TEMP-6 Pin=R6-1
Added Pin To Net: NetName=GND Pin=R6-2
Added Pin To Net: NetName=TEMP-5 Pin=R11-1
Added Pin To Net: NetName=GND Pin=R11-2
Added Pin To Net: NetName=TEMP-4 Pin=R12-1
Added Pin To Net: NetName=GND Pin=R12-2
Added Pin To Net: NetName=TEMP-3 Pin=R13-1
Added Pin To Net: NetName=GND Pin=R13-2
Added Pin To Net: NetName=TEMP-2 Pin=R14-1
Added Pin To Net: NetName=GND Pin=R14-2
Added Pin To Net: NetName=TEMP-1 Pin=R15-1
Added Pin To Net: NetName=GND Pin=R15-2
Added Pin To Net: NetName=RADIO-AVDD Pin=R25-1
Added Pin To Net: NetName=NetDA3_42 Pin=R25-2
Added Pin To Net: NetName=CC2420_VREG Pin=R26-1
Added Pin To Net: NetName=GND Pin=R26-2
Added Pin To Net: NetName=CC2420_nRST Pin=R27-1
Added Pin To Net: NetName=RADIO-VDD Pin=R27-2
Added Pin To Net: NetName=SW-VCC Pin=R28-2
Added Pin To Net: NetName=VBAT Pin=VT1-2
Change Net Name : Old Net Name=NetC12_1 New Net Name=NetC5_2
Change Net Name : Old Net Name=NetC12_2 New Net Name=NetC7_2
Change Net Name : Old Net Name=NetC14_1 New Net Name=NetC19_1
Change Net Name : Old Net Name=NetC15_1 New Net Name=NetC20_1
Change Net Name : Old Net Name=NetC16_1 New Net Name=NetC9_1
Change Net Name : Old Net Name=NetC17_1 New Net Name=NetC11_1
Change Net Name : Old Net Name=NetR30_2 New Net Name=NetR29_2
Added Pin To Net: NetName=NetR28_1 Pin=R28-1
Added Pin To Net: NetName=NetR28_1 Pin=VT1-2
Added Net: Name=NetR28_1
Added Member To Class: ClassName=R Member=Component C19 27p
Added Member To Class: ClassName=R Member=Component C20 27p
Added Member To Class: ClassName=senocore Member=Component C24 100n
Added Member To Class: ClassName=senocore Member=Component C25 10u
Added Member To Class: ClassName=senocore Member=Component C26 10u
Added Member To Class: ClassName=senocore Member=Component C28 10u
Added Member To Class: ClassName=S Member=Component R12 10K
Added Member To Class: ClassName=S Member=Component R14 10K
Added Member To Class: ClassName=R Member=Component R26 1
Added Member To Class: ClassName=R Member=Component R27 750K
Added Member To Class: ClassName=senocore Member=Component R35 470
Added Member To Class: ClassName=senocore Member=Component R36 220
Added Member To Class: ClassName=senocore Member=Component R37 100
