Removed Pin From Net: NetName=AIN_5 Pin=DD2-2
Removed Pin From Net: NetName=AIN_6 Pin=DD2-3
Removed Pin From Net: NetName=AIN_7 Pin=DD2-4
Removed Pin From Net: NetName=AIN_1 Pin=DD2-5
Removed Pin From Net: NetName=AIN_2 Pin=DD2-59
Removed Pin From Net: NetName=AIN_3 Pin=DD2-60
Removed Pin From Net: NetName=AIN_4 Pin=DD2-61
Removed Pin From Net: NetName=GND Pin=R11-1
Removed Pin From Net: NetName=NetDA2_12 Pin=R11-2
Removed Pin From Net: NetName=FET_ON Pin=VT1-1
Removed Pin From Net: NetName=VDD Pin=VT1-2
Change Component Footprint: Designator=SA1 Old Footprint=SS12F23 New Footprint=MSK-12D19 SPDT
Change Component Comment : Designator=SA1 Old Comment=SS12F23 New Comment=MSK-12D19
Change Component Designator: OldDesignator=R9 NewDesignator=R11
Change Component Designator: OldDesignator=R10 NewDesignator=R12
Change Component Designator: OldDesignator=R12 NewDesignator=R13
Change Component Designator: OldDesignator=R13 NewDesignator=R14
Change Component Designator: OldDesignator=R14 NewDesignator=R15
Change Component Designator: OldDesignator=R15 NewDesignator=R16
Change Component Designator: OldDesignator=R16 NewDesignator=R17
Change Component Designator: OldDesignator=R17 NewDesignator=R18
Change Component Designator: OldDesignator=R18 NewDesignator=R19
Change Component Designator: OldDesignator=R19 NewDesignator=R20
Change Component Designator: OldDesignator=R20 NewDesignator=R21
Change Component Designator: OldDesignator=R21 NewDesignator=R22
Change Component Designator: OldDesignator=R22 NewDesignator=R23
Change Component Designator: OldDesignator=R23 NewDesignator=R24
Change Component Designator: OldDesignator=R24 NewDesignator=R25
Change Component Designator: OldDesignator=R25 NewDesignator=R27
Change Component Designator: OldDesignator=R26 NewDesignator=R28
Change Component Designator: OldDesignator=R27 NewDesignator=R29
Change Component Designator: OldDesignator=R28 NewDesignator=R31
Change Component Designator: OldDesignator=R29 NewDesignator=R32
Change Component Designator: OldDesignator=R30 NewDesignator=R33
Change Component Designator: OldDesignator=R31 NewDesignator=R34
Change Component Designator: OldDesignator=R32 NewDesignator=R35
Change component parameters: Designator = "SA1"; Footprint = "MSK-12D19 SPDT"; UniqueID = "\OBOQGIXA"
Change component parameters. Clean all parameters for all variants
Change component parameters (AddParameter): Name = "PartNumber"; Value = "MSK-12D19"; VariantName = "[No Variations]"
Change component parameters (AddParameter): Name = "Supplier"; Value = ""; VariantName = "[No Variations]"
Change component parameters (AddParameter): Name = "Unit Price"; Value = ""; VariantName = "[No Variations]"
Change component parameters (AddParameter): Name = "WebLink"; Value = ""; VariantName = "[No Variations]"
Added Component: Designator=R9(RES0402)
Add component. Clean all parameters for all variants
Add component (AddParameter): Name = "PartNumber"; Value = "RC0402FR-0720KL"; VariantName = "[No Variations]"
Add component (AddParameter): Name = "Supplier"; Value = "Terraelectronicac"; VariantName = "[No Variations]"
Add component (AddParameter): Name = "Unit Price"; Value = "0.11"; VariantName = "[No Variations]"
Add component (AddParameter): Name = "WebLink"; Value = "https://www.terraelectronica.ru/product/506449"; VariantName = "[No Variations]"
Added Component: Designator=R10(RES0402)
Add component. Clean all parameters for all variants
Add component (AddParameter): Name = "PartNumber"; Value = "RC0402FR-0720KL"; VariantName = "[No Variations]"
Add component (AddParameter): Name = "Supplier"; Value = "Terraelectronicac"; VariantName = "[No Variations]"
Add component (AddParameter): Name = "Unit Price"; Value = "0.11"; VariantName = "[No Variations]"
Add component (AddParameter): Name = "WebLink"; Value = "https://www.terraelectronica.ru/product/506449"; VariantName = "[No Variations]"
Added Component: Designator=R26(RES0402)
Add component. Clean all parameters for all variants
Add component (AddParameter): Name = "PartNumber"; Value = "RC0402FR-071RL"; VariantName = "[No Variations]"
Add component (AddParameter): Name = "Supplier"; Value = "Terraelectronica"; VariantName = "[No Variations]"
Add component (AddParameter): Name = "Unit Price"; Value = "0.1"; VariantName = "[No Variations]"
Add component (AddParameter): Name = "WebLink"; Value = "https://www.terraelectronica.ru/product/870639"; VariantName = "[No Variations]"
Added Component: Designator=R30(RES0402)
Add component. Clean all parameters for all variants
Add component (AddParameter): Name = "PartNumber"; Value = "RC0402FR-07470RL"; VariantName = "[No Variations]"
Add component (AddParameter): Name = "Supplier"; Value = "Terraelectronica"; VariantName = "[No Variations]"
Add component (AddParameter): Name = "Unit Price"; Value = "0.1"; VariantName = "[No Variations]"
Add component (AddParameter): Name = "WebLink"; Value = "https://www.terraelectronica.ru/product/870778"; VariantName = "[No Variations]"
Added Pin To Net: NetName=VREF_2.048_FILT Pin=R9-1
Added Pin To Net: NetName=NetDA2_12 Pin=R9-2
Added Pin To Net: NetName=NetDA2_12 Pin=R10-1
Added Pin To Net: NetName=GND Pin=R10-2
Added Pin To Net: NetName=VDD Pin=R26-1
Added Pin To Net: NetName=FET_ON Pin=R30-1
Change Net Name : Old Net Name=AIN_1 New Net Name=TEMP-1
Change Net Name : Old Net Name=AIN_2 New Net Name=TEMP-2
Change Net Name : Old Net Name=AIN_3 New Net Name=TEMP-3
Change Net Name : Old Net Name=AIN_4 New Net Name=TEMP-4
Change Net Name : Old Net Name=AIN_5 New Net Name=TEMP-5
Change Net Name : Old Net Name=AIN_6 New Net Name=TEMP-6
Change Net Name : Old Net Name=AIN_7 New Net Name=TEMP-7
Added Pin To Net: NetName=AIN_1 Pin=DA1-1
Added Pin To Net: NetName=AIN_1 Pin=DD2-5
Added Pin To Net: NetName=AIN_1 Pin=R2-1
Added Net: Name=AIN_1
Added Pin To Net: NetName=AIN_2 Pin=DA1-7
Added Pin To Net: NetName=AIN_2 Pin=DD2-59
Added Pin To Net: NetName=AIN_2 Pin=R6-1
Added Net: Name=AIN_2
Added Pin To Net: NetName=AIN_3 Pin=DA1-8
Added Pin To Net: NetName=AIN_3 Pin=DD2-60
Added Pin To Net: NetName=AIN_3 Pin=R7-2
Added Net: Name=AIN_3
Added Pin To Net: NetName=AIN_4 Pin=DA1-14
Added Pin To Net: NetName=AIN_4 Pin=DD2-61
Added Pin To Net: NetName=AIN_4 Pin=R3-2
Added Net: Name=AIN_4
Added Pin To Net: NetName=AIN_5 Pin=DA2-1
Added Pin To Net: NetName=AIN_5 Pin=DD2-2
Added Pin To Net: NetName=AIN_5 Pin=R12-1
Added Net: Name=AIN_5
Added Pin To Net: NetName=AIN_6 Pin=DA2-7
Added Pin To Net: NetName=AIN_6 Pin=DD2-3
Added Pin To Net: NetName=AIN_6 Pin=R14-1
Added Net: Name=AIN_6
Added Pin To Net: NetName=AIN_7 Pin=DA2-8
Added Pin To Net: NetName=AIN_7 Pin=DD2-4
Added Pin To Net: NetName=AIN_7 Pin=R15-2
Added Net: Name=AIN_7
Added Pin To Net: NetName=NetR26_2 Pin=R26-2
Added Pin To Net: NetName=NetR26_2 Pin=VT1-2
Added Net: Name=NetR26_2
Added Pin To Net: NetName=NetR30_2 Pin=R30-2
Added Pin To Net: NetName=NetR30_2 Pin=VT1-1
Added Net: Name=NetR30_2
Added Member To Class: ClassName=S Member=Component R23 10K
Added Member To Class: ClassName=senocore Member=Component R33 10K
Added Member To Class: ClassName=senocore Member=Component R34 10K
