Change Value of Parameter Manufacturer in Part C21 Old= New=Samsung
Change Value of Parameter PartNumber in Part C21 Old= New=CL21A106KPFNNNG
Change Value of Parameter Supplier in Part C21 Old= New=Terraelectronica
Change Value of Parameter WebLink in Part C21 Old= New=https://www.terraelectronica.ru/product/984943
Change Value of Parameter Manufacturer in Part C22 Old= New=Samsung
Change Value of Parameter PartNumber in Part C22 Old= New=CL21A106KPFNNNG
Change Value of Parameter Supplier in Part C22 Old= New=Terraelectronica
Change Value of Parameter WebLink in Part C22 Old= New=https://www.terraelectronica.ru/product/984943
Change Value of Parameter Manufacturer in Part C23 Old= New=Yageo
Change Value of Parameter PartNumber in Part C23 Old= New=CC0402ZRY5V7BB104
Change Value of Parameter Supplier in Part C23 Old= New=Terraelectronica
Change Value of Parameter Unit Price in Part C23 Old= New=0.22
Change Value of Parameter WebLink in Part C23 Old= New=https://www.terraelectronica.ru/product/543093
Change Value of Parameter Manufacturer in Part C24 Old= New=Yageo
Change Value of Parameter PartNumber in Part C24 Old= New=CC0402ZRY5V7BB104
Change Value of Parameter Supplier in Part C24 Old= New=Terraelectronica
Change Value of Parameter Unit Price in Part C24 Old= New=0.22
Change Value of Parameter WebLink in Part C24 Old= New=https://www.terraelectronica.ru/product/543093
Change Value of Parameter Manufacturer in Part C25 Old= New=Kemet
Change Value of Parameter PartNumber in Part C25 Old= New=T491A106K010AT
Change Value of Parameter Supplier in Part C25 Old= New=Terraelectronica
Change Value of Parameter Unit Price in Part C25 Old= New=5
Change Value of Parameter WebLink in Part C25 Old= New=https://www.terraelectronica.ru/product/556976
Change Value of Parameter Manufacturer in Part C26 Old= New=Samsung
Change Value of Parameter PartNumber in Part C26 Old= New=CL21A106KPFNNNG
Change Value of Parameter Supplier in Part C26 Old= New=Terraelectronica
Change Value of Parameter WebLink in Part C26 Old= New=https://www.terraelectronica.ru/product/984943
Change Value of Parameter Manufacturer in Part C27 Old= New=Yageo
Change Value of Parameter PartNumber in Part C27 Old= New=CC0402ZRY5V7BB104
Change Value of Parameter Supplier in Part C27 Old= New=Terraelectronica
Change Value of Parameter Unit Price in Part C27 Old= New=0.22
Change Value of Parameter WebLink in Part C27 Old= New=https://www.terraelectronica.ru/product/543093
Change Value of Parameter Manufacturer in Part R30 Old= New=Yageo
Change Value of Parameter PartNumber in Part R30 Old= New=RC0402FR-07750KL
Change Value of Parameter Supplier in Part R30 Old= New=Terraelectronica
Change Value of Parameter Unit Price in Part R30 Old= New=0.1
Change Value of Parameter WebLink in Part R30 Old= New=https://www.terraelectronica.ru/product/870851
Change Value of Parameter Manufacturer in Part SA1 Old= New=Shenzhen Intech Electronic
Change Value of Parameter Unit Price in Part SA1 Old= New=20
Change Value of Parameter WebLink in Part SA1 Old= New=http://www.intechswitch.com/products/SideKnobToggleslideswitchseries/641.html
Change Value of Parameter Supplier in Part VT1 Old=Chipidipc New=Chipdip
Change Value of Parameter Manufacturer in Part X2 Old= New=Ningbo connfly electronic 
Change Value of Parameter PartNumber in Part X2 Old= New=DS1026-06-2*4S8BV
Change Value of Parameter Supplier in Part X2 Old= New=Chipdip
Change Value of Parameter Unit Price in Part X2 Old= New=11
Change Value of Parameter WebLink in Part X2 Old= New=https://www.chipdip.ru/product/pbd2-8
